#
# There is insufficient memory for the Java Runtime Environment to continue.
# Native memory allocation (mmap) failed to map 65536 bytes. Error detail: Failed to commit metaspace.
# Possible reasons:
#   The system is out of physical RAM or swap space
#   This process is running with CompressedOops enabled, and the Java Heap may be blocking the growth of the native heap
# Possible solutions:
#   Reduce memory load on the system
#   Increase physical memory or swap space
#   Check if swap backing store is full
#   Decrease Java heap size (-Xmx/-Xms)
#   Decrease number of Java threads
#   Decrease Java thread stack sizes (-Xss)
#   Set larger code cache with -XX:ReservedCodeCacheSize=
#   JVM is running with Unscaled Compressed Oops mode in which the Java heap is
#     placed in the first 4GB address space. The Java Heap base address is the
#     maximum limit for the native heap growth. Please use -XX:HeapBaseMinAddress
#     to set the Java Heap base and to place the Java Heap above 4GB virtual address.
# This output file may be truncated or incomplete.
#
#  Out of Memory Error (virtualSpaceNode.cpp:110), pid=13168, tid=640
#
# JRE version: OpenJDK Runtime Environment Temurin-17.0.13+11 (17.0.13+11) (build 17.0.13+11)
# Java VM: OpenJDK 64-Bit Server VM Temurin-17.0.13+11 (17.0.13+11, mixed mode, tiered, compressed oops, compressed class ptrs, parallel gc, windows-amd64)
# No core dump will be written. Minidumps are not enabled by default on client versions of Windows
#

---------------  S U M M A R Y ------------

Command Line: --add-modules=ALL-SYSTEM --add-opens=java.base/java.util=ALL-UNNAMED --add-opens=java.base/java.lang=ALL-UNNAMED --add-opens=java.base/sun.nio.fs=ALL-UNNAMED -Declipse.application=org.eclipse.jdt.ls.core.id1 -Dosgi.bundles.defaultStartLevel=4 -Declipse.product=org.eclipse.jdt.ls.core.product -Djava.import.generatesMetadataFilesAtProjectRoot=false -DDetectVMInstallationsJob.disabled=true -Dfile.encoding=utf8 -XX:+UseParallelGC -XX:GCTimeRatio=4 -XX:AdaptiveSizePolicyWeight=90 -Dsun.zip.disableMemoryMapping=true -Xmx1G -Xms100m -Xlog:disable -javaagent:c:\Users\amera\.cursor\extensions\redhat.java-1.37.0-win32-x64\lombok\lombok-1.18.34.jar c:\Users\amera\.cursor\extensions\redhat.java-1.37.0-win32-x64\server\plugins\org.eclipse.equinox.launcher_1.6.900.v20240613-2009.jar -configuration c:\Users\amera\AppData\Roaming\Cursor\User\globalStorage\redhat.java\1.37.0\config_ss_win -data c:\Users\amera\AppData\Roaming\Cursor\User\workspaceStorage\3c4b88fd5f2bbe714fe9f534e131c257\redhat.java\ss_ws --pipe=\\.\pipe\lsp-17dc50d6f3a91352e6cef0ec1e22eda6-sock

Host: AMD Athlon 300U with Radeon Vega Mobile Gfx    , 4 cores, 3G,  Windows 11 , 64 bit Build 22621 (10.0.22621.4391)
Time: Tue Dec 10 09:32:33 2024 Central Europe Standard Time elapsed time: 29.931919 seconds (0d 0h 0m 29s)

---------------  T H R E A D  ---------------

Current thread (0x000002974e697030):  JavaThread "Compiler Processing Task" daemon [_thread_in_vm, id=640, stack(0x000000fbb7900000,0x000000fbb7a00000)]

Stack: [0x000000fbb7900000,0x000000fbb7a00000]
Native frames: (J=compiled Java code, j=interpreted, Vv=VM code, C=native code)
V  [jvm.dll+0x682a19]
V  [jvm.dll+0x839538]
V  [jvm.dll+0x83afe3]
V  [jvm.dll+0x83b653]
V  [jvm.dll+0x24704f]
V  [jvm.dll+0x83530d]
V  [jvm.dll+0x62762e]
V  [jvm.dll+0x1bf044]
V  [jvm.dll+0x629f9f]
V  [jvm.dll+0x627ff6]
V  [jvm.dll+0x23c260]
V  [jvm.dll+0x1e9687]
V  [jvm.dll+0x1df251]
V  [jvm.dll+0x54611b]
V  [jvm.dll+0x7b3058]
V  [jvm.dll+0x7b3144]
V  [jvm.dll+0x412703]
V  [jvm.dll+0x419229]
C  [java.dll+0x17ec]

Java frames: (J=compiled Java code, j=interpreted, Vv=VM code)
J 867  java.lang.ClassLoader.defineClass1(Ljava/lang/ClassLoader;Ljava/lang/String;[BIILjava/security/ProtectionDomain;Ljava/lang/String;)Ljava/lang/Class; java.base@17.0.13 (0 bytes) @ 0x000002973ea716db [0x000002973ea71620+0x00000000000000bb]
J 1705 c1 java.lang.ClassLoader.defineClass(Ljava/lang/String;[BIILjava/security/ProtectionDomain;)Ljava/lang/Class; java.base@17.0.13 (43 bytes) @ 0x00000297372367c4 [0x0000029737236480+0x0000000000000344]
J 4727 c1 java.lang.ClassLoader.defineClass(Ljava/lang/String;[BII)Ljava/lang/Class; java.base@17.0.13 (11 bytes) @ 0x00000297378fa4bc [0x00000297378fa440+0x000000000000007c]
J 4754 c1 lombok.launch.ShadowClassLoader.urlToDefineClass(Ljava/lang/String;Ljava/net/URL;Z)Ljava/lang/Class; (273 bytes) @ 0x000002973790e2e4 [0x000002973790db20+0x00000000000007c4]
J 4682 c1 lombok.launch.ShadowClassLoader.loadClass(Ljava/lang/String;Z)Ljava/lang/Class; (242 bytes) @ 0x00000297378defbc [0x00000297378ddbe0+0x00000000000013dc]
J 3941 c2 java.lang.ClassLoader.loadClass(Ljava/lang/String;)Ljava/lang/Class; java.base@17.0.13 (7 bytes) @ 0x000002973ebc3840 [0x000002973ebc3800+0x0000000000000040]
v  ~StubRoutines::call_stub
J 2343  java.lang.Class.forName0(Ljava/lang/String;ZLjava/lang/ClassLoader;Ljava/lang/Class;)Ljava/lang/Class; java.base@17.0.13 (0 bytes) @ 0x000002973eafd1a7 [0x000002973eafd120+0x0000000000000087]
J 3614 c1 java.lang.Class.forName(Ljava/lang/String;ZLjava/lang/ClassLoader;)Ljava/lang/Class; java.base@17.0.13 (47 bytes) @ 0x000002973766e89c [0x000002973766e500+0x000000000000039c]
j  lombok.launch.PatchFixesHider$Util.shadowLoadClass(Ljava/lang/String;)Ljava/lang/Class;+5
j  lombok.launch.PatchFixesHider$ExtensionMethod.<clinit>()V+2
v  ~StubRoutines::call_stub
j  org.eclipse.jdt.internal.compiler.ast.MessageSend.resolveType(Lorg/eclipse/jdt/internal/compiler/lookup/BlockScope;)Lorg/eclipse/jdt/internal/compiler/lookup/TypeBinding;+642
j  org.eclipse.jdt.internal.compiler.ast.Expression.resolve(Lorg/eclipse/jdt/internal/compiler/lookup/BlockScope;)V+2
j  org.eclipse.jdt.internal.compiler.ast.Statement.resolveWithBindings([Lorg/eclipse/jdt/internal/compiler/lookup/LocalVariableBinding;Lorg/eclipse/jdt/internal/compiler/lookup/BlockScope;)V+7
j  org.eclipse.jdt.internal.compiler.ast.ASTNode.resolveStatements([Lorg/eclipse/jdt/internal/compiler/ast/Statement;Lorg/eclipse/jdt/internal/compiler/lookup/BlockScope;)V+26
j  org.eclipse.jdt.internal.compiler.ast.AbstractMethodDeclaration.resolveStatements()V+15
j  org.eclipse.jdt.internal.compiler.ast.MethodDeclaration.resolveStatements()V+898
j  org.eclipse.jdt.internal.compiler.ast.AbstractMethodDeclaration.resolve(Lorg/eclipse/jdt/internal/compiler/lookup/ClassScope;)V+78
j  org.eclipse.jdt.internal.compiler.ast.TypeDeclaration.resolve()V+1540
j  org.eclipse.jdt.internal.compiler.ast.TypeDeclaration.resolve(Lorg/eclipse/jdt/internal/compiler/lookup/CompilationUnitScope;)V+1
j  org.eclipse.jdt.internal.compiler.ast.CompilationUnitDeclaration.resolve()V+287
j  org.eclipse.jdt.internal.compiler.Compiler.process(Lorg/eclipse/jdt/internal/compiler/ast/CompilationUnitDeclaration;I)V+77
j  org.eclipse.jdt.internal.compiler.ProcessTaskManager.processing()V+185
j  org.eclipse.jdt.internal.compiler.ProcessTaskManager$$Lambda$306+0x00000001004ea5e0.run()V+4
j  java.util.concurrent.Executors$RunnableAdapter.call()Ljava/lang/Object;+4 java.base@17.0.13
j  java.util.concurrent.FutureTask.run()V+39 java.base@17.0.13
j  java.util.concurrent.ThreadPoolExecutor.runWorker(Ljava/util/concurrent/ThreadPoolExecutor$Worker;)V+92 java.base@17.0.13
j  java.util.concurrent.ThreadPoolExecutor$Worker.run()V+5 java.base@17.0.13
j  java.lang.Thread.run()V+11 java.base@17.0.13
v  ~StubRoutines::call_stub

Compiled method (n/a)   29982  867     n 0       java.lang.ClassLoader::defineClass1 (native)
 total in heap  [0x000002973ea71490,0x000002973ea718e8] = 1112
 relocation     [0x000002973ea715e8,0x000002973ea71618] = 48
 main code      [0x000002973ea71620,0x000002973ea718e8] = 712

[Constant Pool (empty)]

[MachCode]
[Entry Point]
  # {method} {0x000002974901de70} 'defineClass1' '(Ljava/lang/ClassLoader;Ljava/lang/String;[BIILjava/security/ProtectionDomain;Ljava/lang/String;)Ljava/lang/Class;' in 'java/lang/ClassLoader'
  # parm0:    rdx:rdx   = 'java/lang/ClassLoader'
  # parm1:    r8:r8     = 'java/lang/String'
  # parm2:    r9:r9     = '[B'
  # parm3:    rdi       = int
  # parm4:    rsi       = int
  # parm5:    rcx:rcx   = 'java/security/ProtectionDomain'
  # parm6:    [sp+0xa0]   = 'java/lang/String'  (sp of caller)
  0x000002973ea71620: 448b 5208 | 49c1 e203 | 493b c20f | 8407 0000 

  0x000002973ea71630: ;   {runtime_call ic_miss_stub}
  0x000002973ea71630: 00e9 4af7 | a4ff 6690 
[Verified Entry Point]
  0x000002973ea71638: 8984 2400 | 90ff ff55 | 488b ec48 | 81ec 9000 | 0000 4881 | 7d10 0000 | 0000 488d | 4510 480f 
  0x000002973ea71658: 4445 1048 | 8944 2440 | 4889 4c24 | 7048 83f9 | 0048 8d44 | 2470 480f | 4444 2470 | 4889 4424 
  0x000002973ea71678: 3848 8974 | 2430 4889 | 7c24 284c | 894c 2458 | 4983 f900 | 488d 4424 | 5848 0f44 | 4424 5848 
  0x000002973ea71698: 8944 2420 | 4c89 4424 | 5049 83f8 | 004c 8d4c | 2450 4c0f | 444c 2450 | 4889 5424 | 4848 83fa 
  0x000002973ea716b8: 004c 8d44 | 2448 4c0f | 4444 2448 

  0x000002973ea716c4: ;   {oop(a 'java/lang/Class'{0x00000000c05ac418} = 'java/lang/ClassLoader')}
  0x000002973ea716c4: 49be 18c4 | 5ac0 0000 | 0000 4c89 | 7424 784c | 8d74 2478 | 498b d6c5 

  0x000002973ea716dc: ;   {internal_word}
  0x000002973ea716dc: f877 49ba | db16 a73e | 9702 0000 | 4d89 97a0 | 0200 0049 | 89a7 9802 

  0x000002973ea716f4: ;   {external_word}
  0x000002973ea716f4: 0000 49ba | 7ec6 5f78 | f97f 0000 | 4180 3a00 | 0f84 5200 | 0000 5241 

  0x000002973ea7170c: ;   {metadata({method} {0x000002974901de70} 'defineClass1' '(Ljava/lang/ClassLoader;Ljava/lang/String;[BIILjava/security/ProtectionDomain;Ljava/lang/String;)Ljava/lang/Class;' in 'java/lang/ClassLoader')}
  0x000002973ea7170c: 5041 5148 | ba68 de01 | 4997 0200 | 0049 8bcf | 4883 ec20 | f7c4 0f00 | 0000 0f84 | 1a00 0000 
  0x000002973ea7172c: 4883 ec08 

  0x000002973ea71730: ;   {runtime_call}
  0x000002973ea71730: 49ba 6086 | 1578 f97f | 0000 41ff | d248 83c4 | 08e9 0d00 

  0x000002973ea71744: ;   {runtime_call}
  0x000002973ea71744: 0000 49ba | 6086 1578 | f97f 0000 | 41ff d248 | 83c4 2041 | 5941 585a | 498d 8fb8 | 0200 0041 
  0x000002973ea71764: c787 4803 | 0000 0400 

  0x000002973ea7176c: ;   {runtime_call}
  0x000002973ea7176c: 0000 49ba | ac16 a2c4 | f97f 0000 | 41ff d2c5 | f877 41c7 | 8748 0300 | 0005 0000 | 00f0 8344 
  0x000002973ea7178c: 24c0 0049 | 3baf 5003 | 0000 0f87 | 1100 0000 | 4181 bf38 | 0300 0000 | 0000 000f | 842c 0000 
  0x000002973ea717ac: 00c5 f877 | 4889 45f8 | 498b cf4c | 8be4 4883 | ec20 4883 

  0x000002973ea717c0: ;   {runtime_call}
  0x000002973ea717c0: e4f0 49ba | b094 2578 | f97f 0000 | 41ff d249 | 8be4 4d33 | e448 8b45 | f841 c787 | 4803 0000 
  0x000002973ea717e0: 0800 0000 | 4181 bfb8 | 0300 0002 | 0000 000f | 84c5 0000 

  0x000002973ea717f4: ;   {external_word}
  0x000002973ea717f4: 0049 ba7e | c65f 78f9 | 7f00 0041 | 803a 000f | 8450 0000 | 0048 8945 

  0x000002973ea7180c: ;   {metadata({method} {0x000002974901de70} 'defineClass1' '(Ljava/lang/ClassLoader;Ljava/lang/String;[BIILjava/security/ProtectionDomain;Ljava/lang/String;)Ljava/lang/Class;' in 'java/lang/ClassLoader')}
  0x000002973ea7180c: f848 ba68 | de01 4997 | 0200 0049 | 8bcf 4883 | ec20 f7c4 | 0f00 0000 | 0f84 1a00 | 0000 4883 
  0x000002973ea7182c: ;   {runtime_call}
  0x000002973ea7182c: ec08 49ba | 6086 1578 | f97f 0000 | 41ff d248 | 83c4 08e9 | 0d00 0000 

  0x000002973ea71844: ;   {runtime_call}
  0x000002973ea71844: 49ba 6086 | 1578 f97f | 0000 41ff | d248 83c4 | 2048 8b45 | f849 c787 | 9802 0000 | 0000 0000 
  0x000002973ea71864: 49c7 87a0 | 0200 0000 | 0000 00c5 | f877 4885 | c00f 8419 | 0000 0048 | f7c0 0100 | 0000 0f84 
  0x000002973ea71884: 0900 0000 | 488b 40ff | e903 0000 | 0048 8b00 | 498b 8fd8 | 0000 00c7 | 8100 0100 | 0000 0000 
  0x000002973ea718a4: 00c9 4981 | 7f08 0000 | 0000 0f85 | 0100 0000 

  0x000002973ea718b4: ;   {runtime_call StubRoutines (1)}
  0x000002973ea718b4: c3e9 46f6 | 9fff c5f8 | 7748 8945 | f84c 8be4 | 4883 ec20 | 4883 e4f0 

  0x000002973ea718cc: ;   {runtime_call}
  0x000002973ea718cc: 49ba 80b7 | 1578 f97f | 0000 41ff | d249 8be4 | 4d33 e448 | 8b45 f8e9 | 0dff ffff 
[/MachCode]


Compiled method (c1)   29998 1705       3       java.lang.ClassLoader::defineClass (43 bytes)
 total in heap  [0x0000029737236290,0x0000029737236bb0] = 2336
 relocation     [0x00000297372363e8,0x0000029737236480] = 152
 main code      [0x0000029737236480,0x0000029737236900] = 1152
 stub code      [0x0000029737236900,0x0000029737236978] = 120
 metadata       [0x0000029737236978,0x00000297372369a8] = 48
 scopes data    [0x00000297372369a8,0x0000029737236a98] = 240
 scopes pcs     [0x0000029737236a98,0x0000029737236b78] = 224
 dependencies   [0x0000029737236b78,0x0000029737236b88] = 16
 nul chk table  [0x0000029737236b88,0x0000029737236bb0] = 40

[Constant Pool (empty)]

[MachCode]
[Entry Point]
  # {method} {0x000002974901dce0} 'defineClass' '(Ljava/lang/String;[BIILjava/security/ProtectionDomain;)Ljava/lang/Class;' in 'java/lang/ClassLoader'
  # this:     rdx:rdx   = 'java/lang/ClassLoader'
  # parm0:    r8:r8     = 'java/lang/String'
  # parm1:    r9:r9     = '[B'
  # parm2:    rdi       = int
  # parm3:    rsi       = int
  # parm4:    rcx:rcx   = 'java/security/ProtectionDomain'
  #           [sp+0xc0]  (sp of caller)
  0x0000029737236480: 448b 5208 | 49c1 e203 

  0x0000029737236488: ;   {runtime_call ic_miss_stub}
  0x0000029737236488: 4c3b d00f | 85ef a828 | 070f 1f84 | 0000 0000 | 000f 1f80 | 0000 0000 
[Verified Entry Point]
  0x00000297372364a0: 8984 2400 | 90ff ff55 | 4881 ecb0 | 0000 0048 | 8954 2478 

  0x00000297372364b4: ;   {metadata(method data for {method} {0x000002974901dce0} 'defineClass' '(Ljava/lang/String;[BIILjava/security/ProtectionDomain;)Ljava/lang/Class;' in 'java/lang/ClassLoader')}
  0x00000297372364b4: 48bb 00a6 | b149 9702 | 0000 8b83 | cc00 0000 | 83c0 0289 | 83cc 0000 | 0081 e0fe | 0700 0083 
  0x00000297372364d4: f800 0f84 | 3e03 0000 | 89b4 2494 | 0000 0089 | bc24 9000 | 0000 4c89 | 8c24 8800 | 0000 488b 
  0x00000297372364f4: ;   {metadata(method data for {method} {0x000002974901dce0} 'defineClass' '(Ljava/lang/String;[BIILjava/security/ProtectionDomain;)Ljava/lang/Class;' in 'java/lang/ClassLoader')}
  0x00000297372364f4: da48 b800 | a6b1 4997 | 0200 0048 | 8380 1001 | 0000 0149 | 8bd8 4c8b | c34c 8bc9 | 488b ca48 
  0x0000029737236514: 8bd1 4889 | 9c24 8000 

  0x000002973723651c: ;   {optimized virtual_call}
  0x000002973723651c: 0000 90e8 

  0x0000029737236520: ; ImmutableOopMap {[120]=Oop [136]=Oop [128]=Oop }
                      ;*invokevirtual preDefineClass {reexecute=0 rethrow=0 return_oop=0}
                      ; - java.lang.ClassLoader::defineClass@4
  0x0000029737236520: 7cdf f4ff | 4889 8424 | 9800 0000 | 488b 5424 

  0x0000029737236530: ;   {metadata(method data for {method} {0x000002974901dce0} 'defineClass' '(Ljava/lang/String;[BIILjava/security/ProtectionDomain;)Ljava/lang/Class;' in 'java/lang/ClassLoader')}
  0x0000029737236530: 7849 b800 | a6b1 4997 | 0200 0049 | 8380 4801 

  0x0000029737236540: ;   {metadata(method data for {method} {0x000002974901db68} 'defineClassSourceLocation' '(Ljava/security/ProtectionDomain;)Ljava/lang/String;' in 'java/lang/ClassLoader')}
  0x0000029737236540: 0000 0149 | b818 adb1 | 4997 0200 | 0041 8b90 | cc00 0000 | 83c2 0241 | 8990 cc00 | 0000 81e2 
  0x0000029737236560: feff 1f00 | 83fa 000f | 84ce 0200 | 0048 3b00 

  0x0000029737236570: ;   {metadata(method data for {method} {0x000002974901db68} 'defineClassSourceLocation' '(Ljava/security/ProtectionDomain;)Ljava/lang/String;' in 'java/lang/ClassLoader')}
  0x0000029737236570: 4c8b c048 | ba18 adb1 | 4997 0200 | 0048 8382 | 1001 0000 | 0144 8b40 | 1049 83f8 

  0x000002973723658c: ;   {metadata(method data for {method} {0x000002974901db68} 'defineClassSourceLocation' '(Ljava/security/ProtectionDomain;)Ljava/lang/String;' in 'java/lang/ClassLoader')}
  0x000002973723658c: 0048 ba18 | adb1 4997 | 0200 0048 | c7c6 5801 | 0000 0f85 | 0700 0000 | 48c7 c648 | 0100 0048 
  0x00000297372365ac: 8b3c 3248 | 8d7f 0148 | 893c 320f | 850f 0000 

  0x00000297372365bc: ;   {oop(NULL)}
  0x00000297372365bc: 0048 bb00 | 0000 0000 | 0000 00e9 | a301 0000 

  0x00000297372365cc: ; implicit exception: dispatches to 0x0000029737236861
  0x00000297372365cc: 493b 0049 

  0x00000297372365d0: ;   {metadata(method data for {method} {0x000002974901db68} 'defineClassSourceLocation' '(Ljava/security/ProtectionDomain;)Ljava/lang/String;' in 'java/lang/ClassLoader')}
  0x00000297372365d0: 8bd0 48be | 18ad b149 | 9702 0000 | 4883 8668 | 0100 0001 | 418b 500c | 4883 fa00 

  0x00000297372365ec: ;   {metadata(method data for {method} {0x000002974901db68} 'defineClassSourceLocation' '(Ljava/security/ProtectionDomain;)Ljava/lang/String;' in 'java/lang/ClassLoader')}
  0x00000297372365ec: 48be 18ad | b149 9702 | 0000 48c7 | c7b0 0100 | 000f 8507 | 0000 0048 | c7c7 a001 | 0000 488b 
  0x000002973723660c: 1c3e 488d | 5b01 4889 | 1c3e 0f85 | 0f00 0000 

  0x000002973723661c: ;   {oop(NULL)}
  0x000002973723661c: 48bb 0000 | 0000 0000 | 0000 e944 

  0x0000029737236628: ;   {metadata(method data for {method} {0x000002974901db68} 'defineClassSourceLocation' '(Ljava/security/ProtectionDomain;)Ljava/lang/String;' in 'java/lang/ClassLoader')}
  0x0000029737236628: 0100 0048 | be18 adb1 | 4997 0200 | 0048 8386 | c001 0000 | 0148 3b02 

  0x0000029737236640: ;   {metadata(method data for {method} {0x000002974901db68} 'defineClassSourceLocation' '(Ljava/security/ProtectionDomain;)Ljava/lang/String;' in 'java/lang/ClassLoader')}
  0x0000029737236640: 4c8b c248 | be18 adb1 | 4997 0200 | 0048 8386 | f801 0000 

  0x0000029737236654: ;   {metadata(method data for {method} {0x00000297490ba5d0} 'toString' '()Ljava/lang/String;' in 'java/net/URL')}
  0x0000029737236654: 0149 b898 | 9bb1 4997 | 0200 0041 | 8bb0 cc00 | 0000 83c6 | 0241 89b0 | cc00 0000 | 81e6 feff 
  0x0000029737236674: 1f00 83fe | 000f 84ec | 0100 004c 

  0x0000029737236680: ;   {metadata(method data for {method} {0x00000297490ba5d0} 'toString' '()Ljava/lang/String;' in 'java/net/URL')}
  0x0000029737236680: 8bc2 48be | 989b b149 | 9702 0000 | 4883 8610 | 0100 0001 

  0x0000029737236694: ;   {metadata(method data for {method} {0x00000297490ba668} 'toExternalForm' '()Ljava/lang/String;' in 'java/net/URL')}
  0x0000029737236694: 49b8 d040 | b149 9702 | 0000 418b | b0cc 0000 | 0083 c602 | 4189 b0cc | 0000 0081 | e6fe ff1f 
  0x00000297372366b4: 0083 fe00 | 0f84 ce01 | 0000 8b72 | 3848 3b06 

  0x00000297372366c4: ;   {metadata(method data for {method} {0x00000297490ba668} 'toExternalForm' '()Ljava/lang/String;' in 'java/net/URL')}
  0x00000297372366c4: 4c8b c648 | bfd0 40b1 | 4997 0200 | 0045 8b40 | 0849 c1e0 | 034c 3b87 | 2001 0000 | 750d 4883 
  0x00000297372366e4: 8728 0100 | 0001 e966 | 0000 004c | 3b87 3001 | 0000 750d | 4883 8738 | 0100 0001 | e950 0000 
  0x0000029737236704: 0048 81bf | 2001 0000 | 0000 0000 | 7517 4c89 | 8720 0100 | 0048 c787 | 2801 0000 | 0100 0000 
  0x0000029737236724: e92c 0000 | 0048 81bf | 3001 0000 | 0000 0000 | 7517 4c89 | 8730 0100 | 0048 c787 | 3801 0000 
  0x0000029737236744: 0100 0000 | e908 0000 | 0048 8387 | 1001 0000 | 014c 8bc2 | 488b d666 | 9048 b8ff | ffff ffff 
  0x0000029737236764: ;   {virtual_call}
  0x0000029737236764: ffff ffe8 

  0x0000029737236768: ; ImmutableOopMap {[120]=Oop [136]=Oop [128]=Oop [152]=Oop }
                      ;*invokevirtual toExternalForm {reexecute=0 rethrow=0 return_oop=0}
                      ; - java.net.URL::toExternalForm@5
                      ; - java.net.URL::toString@1
                      ; - java.lang.ClassLoader::defineClassSourceLocation@22
                      ; - java.lang.ClassLoader::defineClass@12
  0x0000029737236768: f415 3607 | 488b d848 | 8b84 2498 | 0000 008b | b424 9400 | 0000 8bbc | 2490 0000 | 004c 8b8c 
  0x0000029737236788: 2488 0000 | 004c 8b84 | 2480 0000 | 0048 8b54 

  0x0000029737236798: ;   {metadata(method data for {method} {0x000002974901dce0} 'defineClass' '(Ljava/lang/String;[BIILjava/security/ProtectionDomain;)Ljava/lang/Class;' in 'java/lang/ClassLoader')}
  0x0000029737236798: 2478 48b9 | 00a6 b149 | 9702 0000 | 4883 8180 | 0100 0001 | 4c8b da49 | 8bd3 488b | c848 891c 
  0x00000297372367b8: 2466 0f1f 

  0x00000297372367bc: ;   {static_call}
  0x00000297372367bc: 4400 00e8 

  0x00000297372367c0: ; ImmutableOopMap {[152]=Oop [120]=Oop }
                      ;*invokestatic defineClass1 {reexecute=0 rethrow=0 return_oop=0}
                      ; - java.lang.ClassLoader::defineClass@27
  0x00000297372367c0: 74ae 8307 | 488b 5424 

  0x00000297372367c8: ;   {metadata(method data for {method} {0x000002974901dce0} 'defineClass' '(Ljava/lang/String;[BIILjava/security/ProtectionDomain;)Ljava/lang/Class;' in 'java/lang/ClassLoader')}
  0x00000297372367c8: 7849 b800 | a6b1 4997 | 0200 0049 | 8380 9001 | 0000 014c | 8bc0 4c8b | 8c24 9800 | 0000 488b 
  0x00000297372367e8: 5424 7848 | 8984 24a0 | 0000 000f 

  0x00000297372367f4: ;   {optimized virtual_call}
  0x00000297372367f4: 1f40 00e8 

  0x00000297372367f8: ; ImmutableOopMap {[160]=Oop }
                      ;*invokevirtual postDefineClass {reexecute=0 rethrow=0 return_oop=0}
                      ; - java.lang.ClassLoader::defineClass@37
  0x00000297372367f8: 24f8 f4ff | 488b 8424 | a000 0000 | 4881 c4b0 | 0000 005d 

  0x000002973723680c: ;   {poll_return}
  0x000002973723680c: 493b a750 | 0300 000f | 8799 0000 

  0x0000029737236818: ;   {metadata({method} {0x000002974901dce0} 'defineClass' '(Ljava/lang/String;[BIILjava/security/ProtectionDomain;)Ljava/lang/Class;' in 'java/lang/ClassLoader')}
  0x0000029737236818: 00c3 49ba | d8dc 0149 | 9702 0000 | 4c89 5424 | 0848 c704 | 24ff ffff 

  0x0000029737236830: ;   {runtime_call counter_overflow Runtime1 stub}
  0x0000029737236830: ffe8 ca12 

  0x0000029737236834: ; ImmutableOopMap {rdx=Oop [120]=Oop r8=Oop r9=Oop rcx=Oop }
                      ;*synchronization entry
                      ; - java.lang.ClassLoader::defineClass@-1
  0x0000029737236834: 3307 e9a1 

  0x0000029737236838: ;   {metadata({method} {0x000002974901db68} 'defineClassSourceLocation' '(Ljava/security/ProtectionDomain;)Ljava/lang/String;' in 'java/lang/ClassLoader')}
  0x0000029737236838: fcff ff49 | ba60 db01 | 4997 0200 | 004c 8954 | 2408 48c7 | 0424 ffff 

  0x0000029737236850: ;   {runtime_call counter_overflow Runtime1 stub}
  0x0000029737236850: ffff e8a9 

  0x0000029737236854: ; ImmutableOopMap {[120]=Oop [136]=Oop [128]=Oop rax=Oop [152]=Oop }
                      ;*synchronization entry
                      ; - java.lang.ClassLoader::defineClassSourceLocation@-1
                      ; - java.lang.ClassLoader::defineClass@12
  0x0000029737236854: 1233 07e9 | 11fd ffff 

  0x000002973723685c: ;   {runtime_call throw_null_pointer_exception Runtime1 stub}
  0x000002973723685c: e83f 0e2a 

  0x0000029737236860: ; ImmutableOopMap {[120]=Oop [136]=Oop [128]=Oop rax=Oop [152]=Oop }
                      ;*invokevirtual getCodeSource {reexecute=0 rethrow=0 return_oop=0}
                      ; - java.lang.ClassLoader::defineClassSourceLocation@1
                      ; - java.lang.ClassLoader::defineClass@12
                      ;   {runtime_call throw_null_pointer_exception Runtime1 stub}
  0x0000029737236860: 07e8 3a0e 

  0x0000029737236864: ; ImmutableOopMap {[120]=Oop [136]=Oop [128]=Oop rax=Oop [152]=Oop r8=Oop }
                      ;*invokevirtual getLocation {reexecute=0 rethrow=0 return_oop=0}
                      ; - java.lang.ClassLoader::defineClassSourceLocation@12
                      ; - java.lang.ClassLoader::defineClass@12
                      ;   {runtime_call throw_null_pointer_exception Runtime1 stub}
  0x0000029737236864: 2a07 e835 

  0x0000029737236868: ; ImmutableOopMap {[120]=Oop [136]=Oop [128]=Oop [152]=Oop rdx=Oop }
                      ;*invokevirtual toString {reexecute=0 rethrow=0 return_oop=0}
                      ; - java.lang.ClassLoader::defineClassSourceLocation@22
                      ; - java.lang.ClassLoader::defineClass@12
                      ;   {metadata({method} {0x00000297490ba5d0} 'toString' '()Ljava/lang/String;' in 'java/net/URL')}
  0x0000029737236868: 0e2a 0749 | bac8 a50b | 4997 0200 | 004c 8954 | 2408 48c7 | 0424 ffff 

  0x0000029737236880: ;   {runtime_call counter_overflow Runtime1 stub}
  0x0000029737236880: ffff e879 

  0x0000029737236884: ; ImmutableOopMap {[120]=Oop [136]=Oop [128]=Oop [152]=Oop rdx=Oop }
                      ;*synchronization entry
                      ; - java.net.URL::toString@-1
                      ; - java.lang.ClassLoader::defineClassSourceLocation@22
                      ; - java.lang.ClassLoader::defineClass@12
  0x0000029737236884: 1233 07e9 | f3fd ffff 

  0x000002973723688c: ;   {metadata({method} {0x00000297490ba668} 'toExternalForm' '()Ljava/lang/String;' in 'java/net/URL')}
  0x000002973723688c: 49ba 60a6 | 0b49 9702 | 0000 4c89 | 5424 0848 | c704 24ff 

  0x00000297372368a0: ;   {runtime_call counter_overflow Runtime1 stub}
  0x00000297372368a0: ffff ffe8 

  0x00000297372368a4: ; ImmutableOopMap {[120]=Oop [136]=Oop [128]=Oop [152]=Oop rdx=Oop }
                      ;*synchronization entry
                      ; - java.net.URL::toExternalForm@-1
                      ; - java.net.URL::toString@1
                      ; - java.lang.ClassLoader::defineClassSourceLocation@22
                      ; - java.lang.ClassLoader::defineClass@12
  0x00000297372368a4: 5812 3307 | e911 feff 

  0x00000297372368ac: ;   {runtime_call throw_null_pointer_exception Runtime1 stub}
  0x00000297372368ac: ffe8 ee0d 

  0x00000297372368b0: ; ImmutableOopMap {[120]=Oop [136]=Oop [128]=Oop [152]=Oop rdx=Oop rsi=Oop }
                      ;*invokevirtual toExternalForm {reexecute=0 rethrow=0 return_oop=0}
                      ; - java.net.URL::toExternalForm@5
                      ; - java.net.URL::toString@1
                      ; - java.lang.ClassLoader::defineClassSourceLocation@22
                      ; - java.lang.ClassLoader::defineClass@12
                      ;   {internal_word}
  0x00000297372368b0: 2a07 49ba | 0c68 2337 | 9702 0000 | 4d89 9768 

  0x00000297372368c0: ;   {runtime_call SafepointBlob}
  0x00000297372368c0: 0300 00e9 | 380e 2907 | 9090 498b | 87e0 0300 | 0049 c787 | e003 0000 | 0000 0000 | 49c7 87e8 
  0x00000297372368e0: 0300 0000 | 0000 0048 | 81c4 b000 

  0x00000297372368ec: ;   {runtime_call unwind_exception Runtime1 stub}
  0x00000297372368ec: 0000 5de9 | 8c1c 2a07 | f4f4 f4f4 | f4f4 f4f4 | f4f4 f4f4 
[Stub Code]
  0x0000029737236900: ;   {no_reloc}
  0x0000029737236900: 0f1f 4400 

  0x0000029737236904: ;   {static_stub}
  0x0000029737236904: 0048 bb00 | 0000 0000 

  0x000002973723690c: ;   {runtime_call}
  0x000002973723690c: 0000 00e9 | fbff ffff 

  0x0000029737236914: ;   {static_stub}
  0x0000029737236914: 9048 bb00 | 0000 0000 

  0x000002973723691c: ;   {runtime_call}
  0x000002973723691c: 0000 00e9 | fbff ffff 

  0x0000029737236924: ;   {static_stub}
  0x0000029737236924: 9048 bb00 | 0000 0000 

  0x000002973723692c: ;   {runtime_call}
  0x000002973723692c: 0000 00e9 | fbff ffff 

  0x0000029737236934: ;   {static_stub}
  0x0000029737236934: 9048 bb00 | 0000 0000 

  0x000002973723693c: ;   {runtime_call}
  0x000002973723693c: 0000 00e9 | fbff ffff 
[Exception Handler]
  0x0000029737236944: ;   {runtime_call handle_exception_from_callee Runtime1 stub}
  0x0000029737236944: e837 ef29 

  0x0000029737236948: ;   {external_word}
  0x0000029737236948: 0748 b9a0 | e939 78f9 | 7f00 0048 

  0x0000029737236954: ;   {runtime_call}
  0x0000029737236954: 83e4 f049 | ba40 7102 | 78f9 7f00 | 0041 ffd2 

  0x0000029737236964: ;   {section_word}
  0x0000029737236964: f449 ba65 | 6923 3797 | 0200 0041 

  0x0000029737236970: ;   {runtime_call DeoptimizationBlob}
  0x0000029737236970: 52e9 2a00 | 2907 f4f4 
[/MachCode]


Compiled method (c1)   30049 4727       3       java.lang.ClassLoader::defineClass (11 bytes)
 total in heap  [0x00000297378fa290,0x00000297378fa600] = 880
 relocation     [0x00000297378fa3e8,0x00000297378fa428] = 64
 main code      [0x00000297378fa440,0x00000297378fa540] = 256
 stub code      [0x00000297378fa540,0x00000297378fa588] = 72
 metadata       [0x00000297378fa588,0x00000297378fa590] = 8
 scopes data    [0x00000297378fa590,0x00000297378fa5b8] = 40
 scopes pcs     [0x00000297378fa5b8,0x00000297378fa5f8] = 64
 dependencies   [0x00000297378fa5f8,0x00000297378fa600] = 8

[Constant Pool (empty)]

[MachCode]
[Entry Point]
  # {method} {0x000002974901d9c0} 'defineClass' '(Ljava/lang/String;[BII)Ljava/lang/Class;' in 'java/lang/ClassLoader'
  # this:     rdx:rdx   = 'java/lang/ClassLoader'
  # parm0:    r8:r8     = 'java/lang/String'
  # parm1:    r9:r9     = '[B'
  # parm2:    rdi       = int
  # parm3:    rsi       = int
  #           [sp+0x50]  (sp of caller)
  0x00000297378fa440: 448b 5208 | 49c1 e203 

  0x00000297378fa448: ;   {runtime_call ic_miss_stub}
  0x00000297378fa448: 4c3b d00f | 852f 69bc | 060f 1f84 | 0000 0000 | 000f 1f80 | 0000 0000 
[Verified Entry Point]
  0x00000297378fa460: 8984 2400 | 90ff ff55 | 4883 ec40 

  0x00000297378fa46c: ;   {metadata(method data for {method} {0x000002974901d9c0} 'defineClass' '(Ljava/lang/String;[BII)Ljava/lang/Class;' in 'java/lang/ClassLoader')}
  0x00000297378fa46c: 48b9 8086 | 1b4b 9702 | 0000 8b99 | cc00 0000 | 83c3 0289 | 99cc 0000 | 0081 e3fe | 0700 0083 
  0x00000297378fa48c: fb00 0f84 | 3b00 0000 

  0x00000297378fa494: ;   {metadata(method data for {method} {0x000002974901d9c0} 'defineClass' '(Ljava/lang/String;[BII)Ljava/lang/Class;' in 'java/lang/ClassLoader')}
  0x00000297378fa494: 488b ca48 | bb80 861b | 4b97 0200 | 0048 8383 | 1001 0000 

  0x00000297378fa4a8: ;   {oop(NULL)}
  0x00000297378fa4a8: 0148 b900 | 0000 0000 | 0000 000f 

  0x00000297378fa4b4: ;   {optimized virtual_call}
  0x00000297378fa4b4: 1f40 00e8 

  0x00000297378fa4b8: ; ImmutableOopMap {}
                      ;*invokevirtual defineClass {reexecute=0 rethrow=0 return_oop=0}
                      ; - java.lang.ClassLoader::defineClass@7
  0x00000297378fa4b8: e4bf 93ff | 4883 c440 

  0x00000297378fa4c0: ;   {poll_return}
  0x00000297378fa4c0: 5d49 3ba7 | 5003 0000 | 0f87 1f00 

  0x00000297378fa4cc: ;   {metadata({method} {0x000002974901d9c0} 'defineClass' '(Ljava/lang/String;[BII)Ljava/lang/Class;' in 'java/lang/ClassLoader')}
  0x00000297378fa4cc: 0000 c349 | bab8 d901 | 4997 0200 | 004c 8954 | 2408 48c7 | 0424 ffff 

  0x00000297378fa4e4: ;   {runtime_call counter_overflow Runtime1 stub}
  0x00000297378fa4e4: ffff e815 

  0x00000297378fa4e8: ; ImmutableOopMap {rdx=Oop r8=Oop r9=Oop }
                      ;*synchronization entry
                      ; - java.lang.ClassLoader::defineClass@-1
  0x00000297378fa4e8: d6c6 06eb 

  0x00000297378fa4ec: ;   {internal_word}
  0x00000297378fa4ec: a749 bac1 | a48f 3797 | 0200 004d | 8997 6803 

  0x00000297378fa4fc: ;   {runtime_call SafepointBlob}
  0x00000297378fa4fc: 0000 e9fd | d1bc 0690 | 9049 8b87 | e003 0000 | 49c7 87e0 | 0300 0000 | 0000 0049 | c787 e803 
  0x00000297378fa51c: 0000 0000 | 0000 4883 

  0x00000297378fa524: ;   {runtime_call unwind_exception Runtime1 stub}
  0x00000297378fa524: c440 5de9 | 54e0 bd06 | f4f4 f4f4 | f4f4 f4f4 | f4f4 f4f4 | f4f4 f4f4 | f4f4 f4f4 
[Stub Code]
  0x00000297378fa540: ;   {no_reloc}
  0x00000297378fa540: 0f1f 4400 

  0x00000297378fa544: ;   {static_stub}
  0x00000297378fa544: 0048 bb00 | 0000 0000 

  0x00000297378fa54c: ;   {runtime_call}
  0x00000297378fa54c: 0000 00e9 | fbff ffff 
[Exception Handler]
  0x00000297378fa554: ;   {runtime_call handle_exception_from_callee Runtime1 stub}
  0x00000297378fa554: e827 b3bd 

  0x00000297378fa558: ;   {external_word}
  0x00000297378fa558: 0648 b9a0 | e939 78f9 | 7f00 0048 

  0x00000297378fa564: ;   {runtime_call}
  0x00000297378fa564: 83e4 f049 | ba40 7102 | 78f9 7f00 | 0041 ffd2 

  0x00000297378fa574: ;   {section_word}
  0x00000297378fa574: f449 ba75 | a58f 3797 | 0200 0041 

  0x00000297378fa580: ;   {runtime_call DeoptimizationBlob}
  0x00000297378fa580: 52e9 1ac4 | bc06 f4f4 
[/MachCode]


---------------  P R O C E S S  ---------------

Threads class SMR info:
_java_thread_list=0x00000297500db8d0, length=37, elements={
0x0000029732adc770, 0x000002974886d030, 0x000002974886e650, 0x0000029748899f30,
0x000002974889acc0, 0x000002974889bb40, 0x000002974889fa80, 0x00000297488a0820,
0x00000297488bb4e0, 0x00000297488be1b0, 0x000002974dbcf000, 0x000002974dd8dff0,
0x000002974e4301f0, 0x000002974e42c6b0, 0x000002974e42cb90, 0x000002974e747090,
0x000002974eaeb9c0, 0x000002974eaed820, 0x000002974eaeaa90, 0x000002974eaec8f0,
0x000002974eaed310, 0x000002974eaeafa0, 0x000002974eaece00, 0x000002974eaec3e0,
0x000002974eaea580, 0x000002974eaea070, 0x000002974eaeb4b0, 0x000002974e6947b0,
0x000002974e6900d0, 0x000002974e692e60, 0x000002974e6905e0, 0x000002974e697540,
0x000002974e696100, 0x000002974e690af0, 0x000002974e696610, 0x000002974e691000,
0x000002974e697030
}

Java Threads: ( => current thread )
  0x0000029732adc770 JavaThread "main" [_thread_blocked, id=12396, stack(0x000000fbb4d00000,0x000000fbb4e00000)]
  0x000002974886d030 JavaThread "Reference Handler" daemon [_thread_blocked, id=14060, stack(0x000000fbb5000000,0x000000fbb5100000)]
  0x000002974886e650 JavaThread "Finalizer" daemon [_thread_blocked, id=12636, stack(0x000000fbb5100000,0x000000fbb5200000)]
  0x0000029748899f30 JavaThread "Signal Dispatcher" daemon [_thread_blocked, id=6204, stack(0x000000fbb5200000,0x000000fbb5300000)]
  0x000002974889acc0 JavaThread "Attach Listener" daemon [_thread_blocked, id=5324, stack(0x000000fbb5300000,0x000000fbb5400000)]
  0x000002974889bb40 JavaThread "Service Thread" daemon [_thread_blocked, id=3140, stack(0x000000fbb5400000,0x000000fbb5500000)]
  0x000002974889fa80 JavaThread "Monitor Deflation Thread" daemon [_thread_blocked, id=5964, stack(0x000000fbb5500000,0x000000fbb5600000)]
  0x00000297488a0820 JavaThread "C2 CompilerThread0" daemon [_thread_blocked, id=1976, stack(0x000000fbb5600000,0x000000fbb5700000)]
  0x00000297488bb4e0 JavaThread "C1 CompilerThread0" daemon [_thread_blocked, id=8524, stack(0x000000fbb5700000,0x000000fbb5800000)]
  0x00000297488be1b0 JavaThread "Sweeper thread" daemon [_thread_blocked, id=3760, stack(0x000000fbb5800000,0x000000fbb5900000)]
  0x000002974dbcf000 JavaThread "Common-Cleaner" daemon [_thread_blocked, id=7360, stack(0x000000fbb5900000,0x000000fbb5a00000)]
  0x000002974dd8dff0 JavaThread "Notification Thread" daemon [_thread_blocked, id=12320, stack(0x000000fbb5a00000,0x000000fbb5b00000)]
  0x000002974e4301f0 JavaThread "Active Thread: Equinox Container: fd6979a0-e217-47bb-b1bc-455fa5686f8b" [_thread_blocked, id=13600, stack(0x000000fbb6000000,0x000000fbb6100000)]
  0x000002974e42c6b0 JavaThread "Framework Event Dispatcher: Equinox Container: fd6979a0-e217-47bb-b1bc-455fa5686f8b" daemon [_thread_blocked, id=13156, stack(0x000000fbb6100000,0x000000fbb6200000)]
  0x000002974e42cb90 JavaThread "Start Level: Equinox Container: fd6979a0-e217-47bb-b1bc-455fa5686f8b" daemon [_thread_blocked, id=13732, stack(0x000000fbb6200000,0x000000fbb6300000)]
  0x000002974e747090 JavaThread "SCR Component Actor" daemon [_thread_blocked, id=13740, stack(0x000000fbb5f00000,0x000000fbb6000000)]
  0x000002974eaeb9c0 JavaThread "Worker-JM" [_thread_blocked, id=13416, stack(0x000000fbb6400000,0x000000fbb6500000)]
  0x000002974eaed820 JavaThread "JNA Cleaner" daemon [_thread_blocked, id=4704, stack(0x000000fbb6500000,0x000000fbb6600000)]
  0x000002974eaeaa90 JavaThread "Worker-0: Building" [_thread_blocked, id=1588, stack(0x000000fbb6600000,0x000000fbb6700000)]
  0x000002974eaec8f0 JavaThread "Worker-1" [_thread_blocked, id=6536, stack(0x000000fbb6700000,0x000000fbb6800000)]
  0x000002974eaed310 JavaThread "Worker-2" [_thread_blocked, id=9800, stack(0x000000fbb6800000,0x000000fbb6900000)]
  0x000002974eaeafa0 JavaThread "Worker-3" [_thread_blocked, id=8536, stack(0x000000fbb6900000,0x000000fbb6a00000)]
  0x000002974eaece00 JavaThread "Thread-2" daemon [_thread_in_native, id=9924, stack(0x000000fbb6c00000,0x000000fbb6d00000)]
  0x000002974eaec3e0 JavaThread "Thread-3" daemon [_thread_in_native, id=9768, stack(0x000000fbb6d00000,0x000000fbb6e00000)]
  0x000002974eaea580 JavaThread "Thread-4" daemon [_thread_in_native, id=9588, stack(0x000000fbb6e00000,0x000000fbb6f00000)]
  0x000002974eaea070 JavaThread "Thread-5" daemon [_thread_in_native, id=10908, stack(0x000000fbb6f00000,0x000000fbb7000000)]
  0x000002974eaeb4b0 JavaThread "Thread-6" daemon [_thread_in_native, id=4512, stack(0x000000fbb7000000,0x000000fbb7100000)]
  0x000002974e6947b0 JavaThread "pool-2-thread-1" [_thread_blocked, id=1784, stack(0x000000fbb7100000,0x000000fbb7200000)]
  0x000002974e6900d0 JavaThread "WorkspaceEventsHandler" [_thread_blocked, id=6392, stack(0x000000fbb7200000,0x000000fbb7300000)]
  0x000002974e692e60 JavaThread "pool-1-thread-1" [_thread_blocked, id=912, stack(0x000000fbb7300000,0x000000fbb7400000)]
  0x000002974e6905e0 JavaThread "LocalFile Deleter" daemon [_thread_blocked, id=11800, stack(0x000000fbb6300000,0x000000fbb6400000)]
  0x000002974e697540 JavaThread "LocalFile Deleter" daemon [_thread_blocked, id=6156, stack(0x000000fbb7400000,0x000000fbb7500000)]
  0x000002974e696100 JavaThread "LocalFile Deleter" daemon [_thread_blocked, id=4184, stack(0x000000fbb7500000,0x000000fbb7600000)]
  0x000002974e690af0 JavaThread "LocalFile Deleter" daemon [_thread_blocked, id=9320, stack(0x000000fbb7600000,0x000000fbb7700000)]
  0x000002974e696610 JavaThread "Compiler Source File Reader" daemon [_thread_blocked, id=1464, stack(0x000000fbb7700000,0x000000fbb7800000)]
  0x000002974e691000 JavaThread "Compiler Source File Reader" daemon [_thread_blocked, id=12408, stack(0x000000fbb7800000,0x000000fbb7900000)]
=>0x000002974e697030 JavaThread "Compiler Processing Task" daemon [_thread_in_vm, id=640, stack(0x000000fbb7900000,0x000000fbb7a00000)]

Other Threads:
  0x0000029732b67b10 VMThread "VM Thread" [stack: 0x000000fbb4f00000,0x000000fbb5000000] [id=9668]
  0x000002974dd4e920 WatcherThread [stack: 0x000000fbb5b00000,0x000000fbb5c00000] [id=2520]
  0x0000029732af1da0 GCTaskThread "GC Thread#0" [stack: 0x000000fbb4e00000,0x000000fbb4f00000] [id=1052]
  0x000002974e0fc220 GCTaskThread "GC Thread#1" [stack: 0x000000fbb5c00000,0x000000fbb5d00000] [id=11348]
  0x000002974e0fada0 GCTaskThread "GC Thread#2" [stack: 0x000000fbb5d00000,0x000000fbb5e00000] [id=10892]
  0x000002974e0fb060 GCTaskThread "GC Thread#3" [stack: 0x000000fbb5e00000,0x000000fbb5f00000] [id=8196]

Threads with active compile tasks:

VM state: not at safepoint (normal execution)

VM Mutex/Monitor currently owned by a thread:  ([mutex/lock_event])
[0x0000029732ad7a30] Metaspace_lock - owner thread: 0x000002974e697030

Heap address: 0x00000000c0000000, size: 1024 MB, Compressed Oops mode: 32-bit

CDS archive(s) not mapped
Compressed class space mapped at: 0x0000000100000000-0x0000000140000000, reserved size: 1073741824
Narrow klass base: 0x0000000000000000, Narrow klass shift: 3, Narrow klass range: 0x140000000

GC Precious Log:
 CPUs: 4 total, 4 available
 Memory: 3522M
 Large Page Support: Disabled
 NUMA Support: Disabled
 Compressed Oops: Enabled (32-bit)
 Alignments: Space 512K, Generation 512K, Heap 2M
 Heap Min Capacity: 100M
 Heap Initial Capacity: 100M
 Heap Max Capacity: 1G
 Pre-touch: Disabled
 Parallel Workers: 4

Heap:
 PSYoungGen      total 23552K, used 4963K [0x00000000eab00000, 0x00000000ec400000, 0x0000000100000000)
  eden space 22016K, 18% used [0x00000000eab00000,0x00000000eaef0da8,0x00000000ec080000)
  from space 1536K, 60% used [0x00000000ec180000,0x00000000ec268000,0x00000000ec300000)
  to   space 1024K, 0% used [0x00000000ec300000,0x00000000ec300000,0x00000000ec400000)
 ParOldGen       total 68608K, used 22877K [0x00000000c0000000, 0x00000000c4300000, 0x00000000eab00000)
  object space 68608K, 33% used [0x00000000c0000000,0x00000000c16575c8,0x00000000c4300000)
 Metaspace       used 46684K, committed 47552K, reserved 1114112K
  class space    used 4638K, committed 5056K, reserved 1048576K

Card table byte_map: [0x0000029746130000,0x0000029746340000] _byte_map_base: 0x0000029745b30000

Marking Bits: (ParMarkBitMap*) 0x00007ff978616940
 Begin Bits: [0x00000297464a0000, 0x00000297474a0000)
 End Bits:   [0x00000297474a0000, 0x00000297484a0000)

Polling page: 0x0000029736f20000

Metaspace:

Usage:
  Non-class:     41.06 MB used.
      Class:      4.53 MB used.
       Both:     45.59 MB used.

Virtual space:
  Non-class space:       64.00 MB reserved,      41.50 MB ( 65%) committed,  1 nodes.
      Class space:        1.00 GB reserved,       4.94 MB ( <1%) committed,  1 nodes.
             Both:        1.06 GB reserved,      46.44 MB (  4%) committed. 

Chunk freelists:
   Non-Class:  6.36 MB
       Class:  11.06 MB
        Both:  17.42 MB

MaxMetaspaceSize: unlimited
CompressedClassSpaceSize: 1.00 GB
Initial GC threshold: 21.00 MB
Current GC threshold: 58.38 MB
CDS: off
MetaspaceReclaimPolicy: balanced
 - commit_granule_bytes: 65536.
 - commit_granule_words: 8192.
 - virtual_space_node_default_size: 8388608.
 - enlarge_chunks_in_place: 1.
 - new_chunks_are_fully_committed: 0.
 - uncommit_free_chunks: 1.
 - use_allocation_guard: 0.
 - handle_deallocations: 1.


Internal statistics:

num_allocs_failed_limit: 6.
num_arena_births: 470.
num_arena_deaths: 14.
num_vsnodes_births: 2.
num_vsnodes_deaths: 0.
num_space_committed: 743.
num_space_uncommitted: 0.
num_chunks_returned_to_freelist: 20.
num_chunks_taken_from_freelist: 2040.
num_chunk_merges: 8.
num_chunk_splits: 1329.
num_chunks_enlarged: 880.
num_inconsistent_stats: 0.

CodeHeap 'non-profiled nmethods': size=120000Kb used=2873Kb max_used=2873Kb free=117126Kb
 bounds [0x000002973ea10000, 0x000002973ece0000, 0x0000029745f40000]
CodeHeap 'profiled nmethods': size=120000Kb used=11651Kb max_used=11651Kb free=108348Kb
 bounds [0x0000029736f40000, 0x0000029737ab0000, 0x000002973e470000]
CodeHeap 'non-nmethods': size=5760Kb used=1324Kb max_used=1383Kb free=4435Kb
 bounds [0x000002973e470000, 0x000002973e6e0000, 0x000002973ea10000]
 total_blobs=5946 nmethods=5286 adapters=574
 compilation: enabled
              stopped_count=0, restarted_count=0
 full_count=0

Compilation events (20 events):
Event: 29.900 Thread 0x00000297488bb4e0 nmethod 5288 0x0000029737a97990 code [0x0000029737a97bc0, 0x0000029737a98658]
Event: 29.903 Thread 0x00000297488bb4e0 5289       3       org.eclipse.jdt.internal.compiler.classfmt.MethodInfo::getGenericSignature (49 bytes)
Event: 29.904 Thread 0x00000297488bb4e0 nmethod 5289 0x0000029737a98a10 code [0x0000029737a98c00, 0x0000029737a990c8]
Event: 29.904 Thread 0x00000297488a0820 5290       4       org.eclipse.jdt.internal.compiler.util.CharDeduplication::sharedCopyOfRange (190 bytes)
Event: 29.905 Thread 0x00000297488bb4e0 5291       3       org.eclipse.jdt.internal.compiler.lookup.TypeSystem$HashedParameterizedTypes$PTBKey::hash (33 bytes)
Event: 29.905 Thread 0x00000297488bb4e0 nmethod 5291 0x0000029737a99310 code [0x0000029737a994e0, 0x0000029737a99998]
Event: 29.905 Thread 0x00000297488bb4e0 5293       3       org.eclipse.jdt.internal.compiler.classfmt.MethodInfo::decodeLocalVariableAttribute (158 bytes)
Event: 29.907 Thread 0x00000297488bb4e0 nmethod 5293 0x0000029737a99a90 code [0x0000029737a99ce0, 0x0000029737a9aaa8]
Event: 29.907 Thread 0x00000297488bb4e0 5294       3       org.eclipse.jdt.internal.compiler.lookup.LookupEnvironment::getCachedType0 (112 bytes)
Event: 29.908 Thread 0x00000297488bb4e0 nmethod 5294 0x0000029737a9b110 code [0x0000029737a9b3a0, 0x0000029737a9c1d8]
Event: 29.908 Thread 0x00000297488bb4e0 5292       3       org.eclipse.jdt.internal.compiler.env.ITypeAnnotationWalker$1::toMethodReturn (2 bytes)
Event: 29.908 Thread 0x00000297488bb4e0 nmethod 5292 0x0000029737a9c690 code [0x0000029737a9c820, 0x0000029737a9c938]
Event: 29.908 Thread 0x00000297488bb4e0 5296       3       org.eclipse.jdt.internal.compiler.lookup.LookupEnvironment::convertUnresolvedBinaryToRawType (291 bytes)
Event: 29.909 Thread 0x00000297488bb4e0 nmethod 5296 0x0000029737a9ca10 code [0x0000029737a9cd40, 0x0000029737a9e3f8]
Event: 29.909 Thread 0x00000297488bb4e0 5295       3       org.eclipse.jdt.internal.compiler.util.JrtFileSystem::getModulesDeclaringPackage (114 bytes)
Event: 29.911 Thread 0x00000297488bb4e0 nmethod 5295 0x0000029737a9e890 code [0x0000029737a9eb60, 0x0000029737a9fc98]
Event: 29.917 Thread 0x00000297488bb4e0 5298       3       org.eclipse.jdt.internal.compiler.lookup.SignatureWrapper::computeEnd (288 bytes)
Event: 29.918 Thread 0x00000297488bb4e0 nmethod 5298 0x0000029737aa0110 code [0x0000029737aa0320, 0x0000029737aa0c48]
Event: 29.923 Thread 0x00000297488a0820 nmethod 5290 0x000002973ecdd390 code [0x000002973ecdd540, 0x000002973ecdddf8]
Event: 29.923 Thread 0x00000297488a0820 5297       4       org.eclipse.jdt.internal.compiler.util.CharDeduplication::equals (44 bytes)

GC Heap History (20 events):
Event: 13.286 GC heap before
{Heap before GC invocations=10 (full 1):
 PSYoungGen      total 25600K, used 16432K [0x00000000eab00000, 0x00000000ecb00000, 0x0000000100000000)
  eden space 23552K, 61% used [0x00000000eab00000,0x00000000eb910800,0x00000000ec200000)
  from space 2048K, 99% used [0x00000000ec680000,0x00000000ec87b890,0x00000000ec880000)
  to   space 4608K, 0% used [0x00000000ec200000,0x00000000ec200000,0x00000000ec680000)
 ParOldGen       total 68608K, used 10825K [0x00000000c0000000, 0x00000000c4300000, 0x00000000eab00000)
  object space 68608K, 15% used [0x00000000c0000000,0x00000000c0a92710,0x00000000c4300000)
 Metaspace       used 35140K, committed 35840K, reserved 1114112K
  class space    used 3438K, committed 3776K, reserved 1048576K
}
Event: 13.292 GC heap after
{Heap after GC invocations=10 (full 1):
 PSYoungGen      total 25600K, used 1902K [0x00000000eab00000, 0x00000000ec800000, 0x0000000100000000)
  eden space 23552K, 0% used [0x00000000eab00000,0x00000000eab00000,0x00000000ec200000)
  from space 2048K, 92% used [0x00000000ec200000,0x00000000ec3db8b0,0x00000000ec400000)
  to   space 3072K, 0% used [0x00000000ec500000,0x00000000ec500000,0x00000000ec800000)
 ParOldGen       total 68608K, used 11454K [0x00000000c0000000, 0x00000000c4300000, 0x00000000eab00000)
  object space 68608K, 16% used [0x00000000c0000000,0x00000000c0b2f808,0x00000000c4300000)
 Metaspace       used 35140K, committed 35840K, reserved 1114112K
  class space    used 3438K, committed 3776K, reserved 1048576K
}
Event: 13.292 GC heap before
{Heap before GC invocations=11 (full 2):
 PSYoungGen      total 25600K, used 1902K [0x00000000eab00000, 0x00000000ec800000, 0x0000000100000000)
  eden space 23552K, 0% used [0x00000000eab00000,0x00000000eab00000,0x00000000ec200000)
  from space 2048K, 92% used [0x00000000ec200000,0x00000000ec3db8b0,0x00000000ec400000)
  to   space 3072K, 0% used [0x00000000ec500000,0x00000000ec500000,0x00000000ec800000)
 ParOldGen       total 68608K, used 11454K [0x00000000c0000000, 0x00000000c4300000, 0x00000000eab00000)
  object space 68608K, 16% used [0x00000000c0000000,0x00000000c0b2f808,0x00000000c4300000)
 Metaspace       used 35140K, committed 35840K, reserved 1114112K
  class space    used 3438K, committed 3776K, reserved 1048576K
}
Event: 13.336 GC heap after
{Heap after GC invocations=11 (full 2):
 PSYoungGen      total 25600K, used 0K [0x00000000eab00000, 0x00000000ec800000, 0x0000000100000000)
  eden space 23552K, 0% used [0x00000000eab00000,0x00000000eab00000,0x00000000ec200000)
  from space 2048K, 0% used [0x00000000ec200000,0x00000000ec200000,0x00000000ec400000)
  to   space 3072K, 0% used [0x00000000ec500000,0x00000000ec500000,0x00000000ec800000)
 ParOldGen       total 68608K, used 13138K [0x00000000c0000000, 0x00000000c4300000, 0x00000000eab00000)
  object space 68608K, 19% used [0x00000000c0000000,0x00000000c0cd4ab0,0x00000000c4300000)
 Metaspace       used 35140K, committed 35840K, reserved 1114112K
  class space    used 3438K, committed 3776K, reserved 1048576K
}
Event: 16.474 GC heap before
{Heap before GC invocations=12 (full 2):
 PSYoungGen      total 25600K, used 23552K [0x00000000eab00000, 0x00000000ec800000, 0x0000000100000000)
  eden space 23552K, 100% used [0x00000000eab00000,0x00000000ec200000,0x00000000ec200000)
  from space 2048K, 0% used [0x00000000ec200000,0x00000000ec200000,0x00000000ec400000)
  to   space 3072K, 0% used [0x00000000ec500000,0x00000000ec500000,0x00000000ec800000)
 ParOldGen       total 68608K, used 13138K [0x00000000c0000000, 0x00000000c4300000, 0x00000000eab00000)
  object space 68608K, 19% used [0x00000000c0000000,0x00000000c0cd4ab0,0x00000000c4300000)
 Metaspace       used 38511K, committed 39232K, reserved 1114112K
  class space    used 3834K, committed 4160K, reserved 1048576K
}
Event: 16.480 GC heap after
{Heap after GC invocations=12 (full 2):
 PSYoungGen      total 24576K, used 1488K [0x00000000eab00000, 0x00000000ec680000, 0x0000000100000000)
  eden space 23040K, 0% used [0x00000000eab00000,0x00000000eab00000,0x00000000ec180000)
  from space 1536K, 96% used [0x00000000ec500000,0x00000000ec674010,0x00000000ec680000)
  to   space 2048K, 0% used [0x00000000ec280000,0x00000000ec280000,0x00000000ec480000)
 ParOldGen       total 68608K, used 13146K [0x00000000c0000000, 0x00000000c4300000, 0x00000000eab00000)
  object space 68608K, 19% used [0x00000000c0000000,0x00000000c0cd6ab0,0x00000000c4300000)
 Metaspace       used 38511K, committed 39232K, reserved 1114112K
  class space    used 3834K, committed 4160K, reserved 1048576K
}
Event: 17.800 GC heap before
{Heap before GC invocations=13 (full 2):
 PSYoungGen      total 24576K, used 24528K [0x00000000eab00000, 0x00000000ec680000, 0x0000000100000000)
  eden space 23040K, 100% used [0x00000000eab00000,0x00000000ec180000,0x00000000ec180000)
  from space 1536K, 96% used [0x00000000ec500000,0x00000000ec674010,0x00000000ec680000)
  to   space 2048K, 0% used [0x00000000ec280000,0x00000000ec280000,0x00000000ec480000)
 ParOldGen       total 68608K, used 13146K [0x00000000c0000000, 0x00000000c4300000, 0x00000000eab00000)
  object space 68608K, 19% used [0x00000000c0000000,0x00000000c0cd6ab0,0x00000000c4300000)
 Metaspace       used 39266K, committed 40128K, reserved 1114112K
  class space    used 3925K, committed 4352K, reserved 1048576K
}
Event: 17.808 GC heap after
{Heap after GC invocations=13 (full 2):
 PSYoungGen      total 24576K, used 2033K [0x00000000eab00000, 0x00000000ec900000, 0x0000000100000000)
  eden space 22528K, 0% used [0x00000000eab00000,0x00000000eab00000,0x00000000ec100000)
  from space 2048K, 99% used [0x00000000ec280000,0x00000000ec47c440,0x00000000ec480000)
  to   space 4096K, 0% used [0x00000000ec500000,0x00000000ec500000,0x00000000ec900000)
 ParOldGen       total 68608K, used 14705K [0x00000000c0000000, 0x00000000c4300000, 0x00000000eab00000)
  object space 68608K, 21% used [0x00000000c0000000,0x00000000c0e5c660,0x00000000c4300000)
 Metaspace       used 39266K, committed 40128K, reserved 1114112K
  class space    used 3925K, committed 4352K, reserved 1048576K
}
Event: 18.639 GC heap before
{Heap before GC invocations=14 (full 2):
 PSYoungGen      total 24576K, used 24561K [0x00000000eab00000, 0x00000000ec900000, 0x0000000100000000)
  eden space 22528K, 100% used [0x00000000eab00000,0x00000000ec100000,0x00000000ec100000)
  from space 2048K, 99% used [0x00000000ec280000,0x00000000ec47c440,0x00000000ec480000)
  to   space 4096K, 0% used [0x00000000ec500000,0x00000000ec500000,0x00000000ec900000)
 ParOldGen       total 68608K, used 14705K [0x00000000c0000000, 0x00000000c4300000, 0x00000000eab00000)
  object space 68608K, 21% used [0x00000000c0000000,0x00000000c0e5c660,0x00000000c4300000)
 Metaspace       used 39341K, committed 40256K, reserved 1114112K
  class space    used 3926K, committed 4352K, reserved 1048576K
}
Event: 18.652 GC heap after
{Heap after GC invocations=14 (full 2):
 PSYoungGen      total 24576K, used 2242K [0x00000000eab00000, 0x00000000ec780000, 0x0000000100000000)
  eden space 22016K, 0% used [0x00000000eab00000,0x00000000eab00000,0x00000000ec080000)
  from space 2560K, 87% used [0x00000000ec500000,0x00000000ec730800,0x00000000ec780000)
  to   space 3072K, 0% used [0x00000000ec180000,0x00000000ec180000,0x00000000ec480000)
 ParOldGen       total 68608K, used 16697K [0x00000000c0000000, 0x00000000c4300000, 0x00000000eab00000)
  object space 68608K, 24% used [0x00000000c0000000,0x00000000c104e6b0,0x00000000c4300000)
 Metaspace       used 39341K, committed 40256K, reserved 1114112K
  class space    used 3926K, committed 4352K, reserved 1048576K
}
Event: 21.308 GC heap before
{Heap before GC invocations=15 (full 2):
 PSYoungGen      total 24576K, used 24258K [0x00000000eab00000, 0x00000000ec780000, 0x0000000100000000)
  eden space 22016K, 100% used [0x00000000eab00000,0x00000000ec080000,0x00000000ec080000)
  from space 2560K, 87% used [0x00000000ec500000,0x00000000ec730800,0x00000000ec780000)
  to   space 3072K, 0% used [0x00000000ec180000,0x00000000ec180000,0x00000000ec480000)
 ParOldGen       total 68608K, used 16697K [0x00000000c0000000, 0x00000000c4300000, 0x00000000eab00000)
  object space 68608K, 24% used [0x00000000c0000000,0x00000000c104e6b0,0x00000000c4300000)
 Metaspace       used 41896K, committed 42816K, reserved 1114112K
  class space    used 4198K, committed 4608K, reserved 1048576K
}
Event: 21.318 GC heap after
{Heap after GC invocations=15 (full 2):
 PSYoungGen      total 24064K, used 1815K [0x00000000eab00000, 0x00000000ec580000, 0x0000000100000000)
  eden space 22016K, 0% used [0x00000000eab00000,0x00000000eab00000,0x00000000ec080000)
  from space 2048K, 88% used [0x00000000ec180000,0x00000000ec345c40,0x00000000ec380000)
  to   space 2048K, 0% used [0x00000000ec380000,0x00000000ec380000,0x00000000ec580000)
 ParOldGen       total 68608K, used 18881K [0x00000000c0000000, 0x00000000c4300000, 0x00000000eab00000)
  object space 68608K, 27% used [0x00000000c0000000,0x00000000c1270730,0x00000000c4300000)
 Metaspace       used 41896K, committed 42816K, reserved 1114112K
  class space    used 4198K, committed 4608K, reserved 1048576K
}
Event: 23.673 GC heap before
{Heap before GC invocations=16 (full 2):
 PSYoungGen      total 24064K, used 23831K [0x00000000eab00000, 0x00000000ec580000, 0x0000000100000000)
  eden space 22016K, 100% used [0x00000000eab00000,0x00000000ec080000,0x00000000ec080000)
  from space 2048K, 88% used [0x00000000ec180000,0x00000000ec345c40,0x00000000ec380000)
  to   space 2048K, 0% used [0x00000000ec380000,0x00000000ec380000,0x00000000ec580000)
 ParOldGen       total 68608K, used 18881K [0x00000000c0000000, 0x00000000c4300000, 0x00000000eab00000)
  object space 68608K, 27% used [0x00000000c0000000,0x00000000c1270730,0x00000000c4300000)
 Metaspace       used 42848K, committed 43648K, reserved 1114112K
  class space    used 4320K, committed 4672K, reserved 1048576K
}
Event: 23.676 GC heap after
{Heap after GC invocations=16 (full 2):
 PSYoungGen      total 22528K, used 320K [0x00000000eab00000, 0x00000000ec400000, 0x0000000100000000)
  eden space 22016K, 0% used [0x00000000eab00000,0x00000000eab00000,0x00000000ec080000)
  from space 512K, 62% used [0x00000000ec380000,0x00000000ec3d0000,0x00000000ec400000)
  to   space 1024K, 0% used [0x00000000ec200000,0x00000000ec200000,0x00000000ec300000)
 ParOldGen       total 68608K, used 20511K [0x00000000c0000000, 0x00000000c4300000, 0x00000000eab00000)
  object space 68608K, 29% used [0x00000000c0000000,0x00000000c1407d78,0x00000000c4300000)
 Metaspace       used 42848K, committed 43648K, reserved 1114112K
  class space    used 4320K, committed 4672K, reserved 1048576K
}
Event: 26.732 GC heap before
{Heap before GC invocations=17 (full 2):
 PSYoungGen      total 22528K, used 22315K [0x00000000eab00000, 0x00000000ec400000, 0x0000000100000000)
  eden space 22016K, 99% used [0x00000000eab00000,0x00000000ec07ad40,0x00000000ec080000)
  from space 512K, 62% used [0x00000000ec380000,0x00000000ec3d0000,0x00000000ec400000)
  to   space 1024K, 0% used [0x00000000ec200000,0x00000000ec200000,0x00000000ec300000)
 ParOldGen       total 68608K, used 20511K [0x00000000c0000000, 0x00000000c4300000, 0x00000000eab00000)
  object space 68608K, 29% used [0x00000000c0000000,0x00000000c1407d78,0x00000000c4300000)
 Metaspace       used 44965K, committed 45824K, reserved 1114112K
  class space    used 4486K, committed 4864K, reserved 1048576K
}
Event: 26.738 GC heap after
{Heap after GC invocations=17 (full 2):
 PSYoungGen      total 23040K, used 1021K [0x00000000eab00000, 0x00000000ec680000, 0x0000000100000000)
  eden space 22016K, 0% used [0x00000000eab00000,0x00000000eab00000,0x00000000ec080000)
  from space 1024K, 99% used [0x00000000ec200000,0x00000000ec2ff778,0x00000000ec300000)
  to   space 3072K, 0% used [0x00000000ec380000,0x00000000ec380000,0x00000000ec680000)
 ParOldGen       total 68608K, used 21818K [0x00000000c0000000, 0x00000000c4300000, 0x00000000eab00000)
  object space 68608K, 31% used [0x00000000c0000000,0x00000000c154eba8,0x00000000c4300000)
 Metaspace       used 44965K, committed 45824K, reserved 1114112K
  class space    used 4486K, committed 4864K, reserved 1048576K
}
Event: 27.276 GC heap before
{Heap before GC invocations=18 (full 2):
 PSYoungGen      total 23040K, used 23037K [0x00000000eab00000, 0x00000000ec680000, 0x0000000100000000)
  eden space 22016K, 100% used [0x00000000eab00000,0x00000000ec080000,0x00000000ec080000)
  from space 1024K, 99% used [0x00000000ec200000,0x00000000ec2ff778,0x00000000ec300000)
  to   space 3072K, 0% used [0x00000000ec380000,0x00000000ec380000,0x00000000ec680000)
 ParOldGen       total 68608K, used 21818K [0x00000000c0000000, 0x00000000c4300000, 0x00000000eab00000)
  object space 68608K, 31% used [0x00000000c0000000,0x00000000c154eba8,0x00000000c4300000)
 Metaspace       used 44997K, committed 45824K, reserved 1114112K
  class space    used 4486K, committed 4864K, reserved 1048576K
}
Event: 27.281 GC heap after
{Heap after GC invocations=18 (full 2):
 PSYoungGen      total 23040K, used 854K [0x00000000eab00000, 0x00000000ec480000, 0x0000000100000000)
  eden space 22016K, 0% used [0x00000000eab00000,0x00000000eab00000,0x00000000ec080000)
  from space 1024K, 83% used [0x00000000ec380000,0x00000000ec455a48,0x00000000ec480000)
  to   space 1536K, 0% used [0x00000000ec180000,0x00000000ec180000,0x00000000ec300000)
 ParOldGen       total 68608K, used 22853K [0x00000000c0000000, 0x00000000c4300000, 0x00000000eab00000)
  object space 68608K, 33% used [0x00000000c0000000,0x00000000c16515c8,0x00000000c4300000)
 Metaspace       used 44997K, committed 45824K, reserved 1114112K
  class space    used 4486K, committed 4864K, reserved 1048576K
}
Event: 28.800 GC heap before
{Heap before GC invocations=19 (full 2):
 PSYoungGen      total 23040K, used 22870K [0x00000000eab00000, 0x00000000ec480000, 0x0000000100000000)
  eden space 22016K, 100% used [0x00000000eab00000,0x00000000ec080000,0x00000000ec080000)
  from space 1024K, 83% used [0x00000000ec380000,0x00000000ec455a48,0x00000000ec480000)
  to   space 1536K, 0% used [0x00000000ec180000,0x00000000ec180000,0x00000000ec300000)
 ParOldGen       total 68608K, used 22853K [0x00000000c0000000, 0x00000000c4300000, 0x00000000eab00000)
  object space 68608K, 33% used [0x00000000c0000000,0x00000000c16515c8,0x00000000c4300000)
 Metaspace       used 46375K, committed 47232K, reserved 1114112K
  class space    used 4615K, committed 4992K, reserved 1048576K
}
Event: 28.803 GC heap after
{Heap after GC invocations=19 (full 2):
 PSYoungGen      total 23552K, used 928K [0x00000000eab00000, 0x00000000ec400000, 0x0000000100000000)
  eden space 22016K, 0% used [0x00000000eab00000,0x00000000eab00000,0x00000000ec080000)
  from space 1536K, 60% used [0x00000000ec180000,0x00000000ec268000,0x00000000ec300000)
  to   space 1024K, 0% used [0x00000000ec300000,0x00000000ec300000,0x00000000ec400000)
 ParOldGen       total 68608K, used 22877K [0x00000000c0000000, 0x00000000c4300000, 0x00000000eab00000)
  object space 68608K, 33% used [0x00000000c0000000,0x00000000c16575c8,0x00000000c4300000)
 Metaspace       used 46375K, committed 47232K, reserved 1114112K
  class space    used 4615K, committed 4992K, reserved 1048576K
}

Dll operation events (10 events):
Event: 0.016 Loaded shared library c:\Users\amera\.cursor\extensions\redhat.java-1.37.0-win32-x64\jre\17.0.13-win32-x86_64\bin\java.dll
Event: 0.303 Loaded shared library c:\Users\amera\.cursor\extensions\redhat.java-1.37.0-win32-x64\jre\17.0.13-win32-x86_64\bin\zip.dll
Event: 0.309 Loaded shared library C:\Users\amera\.cursor\extensions\redhat.java-1.37.0-win32-x64\jre\17.0.13-win32-x86_64\bin\instrument.dll
Event: 0.331 Loaded shared library C:\Users\amera\.cursor\extensions\redhat.java-1.37.0-win32-x64\jre\17.0.13-win32-x86_64\bin\net.dll
Event: 0.334 Loaded shared library C:\Users\amera\.cursor\extensions\redhat.java-1.37.0-win32-x64\jre\17.0.13-win32-x86_64\bin\nio.dll
Event: 0.346 Loaded shared library C:\Users\amera\.cursor\extensions\redhat.java-1.37.0-win32-x64\jre\17.0.13-win32-x86_64\bin\zip.dll
Event: 0.403 Loaded shared library C:\Users\amera\.cursor\extensions\redhat.java-1.37.0-win32-x64\jre\17.0.13-win32-x86_64\bin\jimage.dll
Event: 0.544 Loaded shared library c:\Users\amera\.cursor\extensions\redhat.java-1.37.0-win32-x64\jre\17.0.13-win32-x86_64\bin\verify.dll
Event: 3.767 Loaded shared library C:\Users\amera\AppData\Roaming\Cursor\User\globalStorage\redhat.java\1.37.0\config_ss_win\org.eclipse.equinox.launcher\org.eclipse.equinox.launcher.win32.win32.x86_64_1.2.1100.v20240722-2106\eclipse_11904.dll
Event: 8.499 Loaded shared library C:\Users\amera\AppData\Local\Temp\jna-92929448\jna1704379211192202789.dll

Deoptimization events (20 events):
Event: 28.014 Thread 0x000002974eaeaa90 Uncommon trap: trap_request=0xffffffbe fr.pc=0x000002973ec9deb0 relative=0x0000000000002130
Event: 28.014 Thread 0x000002974eaeaa90 Uncommon trap: reason=profile_predicate action=maybe_recompile pc=0x000002973ec9deb0 method=org.eclipse.osgi.internal.loader.BundleLoader.searchHooks(Ljava/lang/String;I)Ljava/lang/Object; @ 186 c2
Event: 28.014 Thread 0x000002974eaeaa90 DEOPT PACKING pc=0x000002973ec9deb0 sp=0x000000fbb66fb620
Event: 28.014 Thread 0x000002974eaeaa90 DEOPT UNPACKING pc=0x000002973e4c66a3 sp=0x000000fbb66fb628 mode 2
Event: 28.435 Thread 0x000002974eaeaa90 Uncommon trap: trap_request=0xffffffc6 fr.pc=0x000002973eb78ef4 relative=0x00000000000008d4
Event: 28.435 Thread 0x000002974eaeaa90 Uncommon trap: reason=bimorphic_or_optimized_type_check action=maybe_recompile pc=0x000002973eb78ef4 method=java.util.HashMap.putVal(ILjava/lang/Object;Ljava/lang/Object;ZZ)Ljava/lang/Object; @ 203 c2
Event: 28.435 Thread 0x000002974eaeaa90 DEOPT PACKING pc=0x000002973eb78ef4 sp=0x000000fbb66fe2e0
Event: 28.435 Thread 0x000002974eaeaa90 DEOPT UNPACKING pc=0x000002973e4c66a3 sp=0x000000fbb66fe1d0 mode 2
Event: 28.518 Thread 0x000002974eaeaa90 Uncommon trap: trap_request=0xffffffc6 fr.pc=0x000002973eb78ef4 relative=0x00000000000008d4
Event: 28.518 Thread 0x000002974eaeaa90 Uncommon trap: reason=bimorphic_or_optimized_type_check action=maybe_recompile pc=0x000002973eb78ef4 method=java.util.HashMap.putVal(ILjava/lang/Object;Ljava/lang/Object;ZZ)Ljava/lang/Object; @ 203 c2
Event: 28.518 Thread 0x000002974eaeaa90 DEOPT PACKING pc=0x000002973eb78ef4 sp=0x000000fbb66fe2e0
Event: 28.518 Thread 0x000002974eaeaa90 DEOPT UNPACKING pc=0x000002973e4c66a3 sp=0x000000fbb66fe1d0 mode 2
Event: 28.680 Thread 0x000002974eaeaa90 Uncommon trap: trap_request=0xffffff6e fr.pc=0x000002973ec252cc relative=0x00000000000003ac
Event: 28.680 Thread 0x000002974eaeaa90 Uncommon trap: reason=loop_limit_check action=maybe_recompile pc=0x000002973ec252cc method=org.eclipse.jdt.internal.compiler.classfmt.ClassFileStruct.utf8At(II)[C @ 143 c2
Event: 28.680 Thread 0x000002974eaeaa90 DEOPT PACKING pc=0x000002973ec252cc sp=0x000000fbb66fd860
Event: 28.680 Thread 0x000002974eaeaa90 DEOPT UNPACKING pc=0x000002973e4c66a3 sp=0x000000fbb66fd7f8 mode 2
Event: 29.889 Thread 0x000002974e697030 DEOPT PACKING pc=0x0000029737a5ab4c sp=0x000000fbb79fd9a0
Event: 29.889 Thread 0x000002974e697030 DEOPT UNPACKING pc=0x000002973e4c6e43 sp=0x000000fbb79fce10 mode 0
Event: 29.897 Thread 0x000002974e697030 DEOPT PACKING pc=0x0000029737a5e72d sp=0x000000fbb79fda80
Event: 29.897 Thread 0x000002974e697030 DEOPT UNPACKING pc=0x000002973e4c6e43 sp=0x000000fbb79fcf28 mode 0

Classes loaded (20 events):
Event: 26.015 Loading class java/util/regex/Pattern$Pos
Event: 26.015 Loading class java/util/regex/Pattern$Pos done
Event: 28.499 Loading class java/util/stream/ReduceOps$4
Event: 28.499 Loading class java/util/stream/ReduceOps$4 done
Event: 28.499 Loading class java/util/stream/ReduceOps$4ReducingSink
Event: 28.500 Loading class java/util/stream/ReduceOps$4ReducingSink done
Event: 28.507 Loading class java/nio/file/Files$2
Event: 28.507 Loading class java/nio/file/Files$2 done
Event: 28.508 Loading class java/util/stream/MatchOps$MatchKind
Event: 28.508 Loading class java/util/stream/MatchOps$MatchKind done
Event: 28.509 Loading class java/util/stream/MatchOps
Event: 28.509 Loading class java/util/stream/MatchOps done
Event: 28.509 Loading class java/util/stream/MatchOps$MatchOp
Event: 28.509 Loading class java/util/stream/MatchOps$MatchOp done
Event: 28.509 Loading class java/util/stream/MatchOps$BooleanTerminalSink
Event: 28.509 Loading class java/util/stream/MatchOps$BooleanTerminalSink done
Event: 28.509 Loading class java/util/stream/MatchOps$1MatchSink
Event: 28.510 Loading class java/util/stream/MatchOps$1MatchSink done
Event: 29.694 Loading class java/util/concurrent/ArrayBlockingQueue
Event: 29.695 Loading class java/util/concurrent/ArrayBlockingQueue done

Classes unloaded (7 events):
Event: 7.384 Thread 0x0000029732b67b10 Unloading class 0x000000010021bc00 'java/lang/invoke/LambdaForm$MH+0x000000010021bc00'
Event: 7.384 Thread 0x0000029732b67b10 Unloading class 0x000000010021b800 'java/lang/invoke/LambdaForm$MH+0x000000010021b800'
Event: 7.384 Thread 0x0000029732b67b10 Unloading class 0x000000010021b400 'java/lang/invoke/LambdaForm$MH+0x000000010021b400'
Event: 7.384 Thread 0x0000029732b67b10 Unloading class 0x000000010021b000 'java/lang/invoke/LambdaForm$MH+0x000000010021b000'
Event: 7.384 Thread 0x0000029732b67b10 Unloading class 0x000000010021ac00 'java/lang/invoke/LambdaForm$BMH+0x000000010021ac00'
Event: 7.384 Thread 0x0000029732b67b10 Unloading class 0x000000010021a800 'java/lang/invoke/LambdaForm$DMH+0x000000010021a800'
Event: 7.385 Thread 0x0000029732b67b10 Unloading class 0x0000000100211400 'java/lang/invoke/LambdaForm$DMH+0x0000000100211400'

Classes redefined (0 events):
No events

Internal exceptions (20 events):
Event: 16.671 Thread 0x000002974eaeaa90 Exception <a 'java/lang/NoSuchMethodError'{0x00000000eadebd90}: 'int java.lang.invoke.DirectMethodHandle$Holder.invokeStaticInit(java.lang.Object, long, long)'> (0x00000000eadebd90) 
thrown [s\src\hotspot\share\interpreter\linkResolver.cpp, line 759]
Event: 16.675 Thread 0x000002974eaeaa90 Exception <a 'java/lang/NoSuchMethodError'{0x00000000eadf30d0}: 'int java.lang.invoke.DirectMethodHandle$Holder.invokeStaticInit(java.lang.Object, float, float)'> (0x00000000eadf30d0) 
thrown [s\src\hotspot\share\interpreter\linkResolver.cpp, line 759]
Event: 16.676 Thread 0x000002974eaeaa90 Exception <a 'java/lang/NoSuchMethodError'{0x00000000eadfa1d0}: 'int java.lang.invoke.DirectMethodHandle$Holder.invokeStaticInit(java.lang.Object, double, double)'> (0x00000000eadfa1d0) 
thrown [s\src\hotspot\share\interpreter\linkResolver.cpp, line 759]
Event: 16.677 Thread 0x000002974eaeaa90 Exception <a 'java/lang/NoSuchMethodError'{0x00000000eadfea80}: 'int java.lang.invoke.DirectMethodHandle$Holder.invokeStatic(java.lang.Object, long)'> (0x00000000eadfea80) 
thrown [s\src\hotspot\share\interpreter\linkResolver.cpp, line 759]
Event: 16.681 Thread 0x000002974eaeaa90 Exception <a 'java/lang/NoSuchMethodError'{0x00000000eae26b70}: 'int java.lang.invoke.Invokers$Holder.linkToTargetMethod(java.lang.Object, java.lang.Object)'> (0x00000000eae26b70) 
thrown [s\src\hotspot\share\interpreter\linkResolver.cpp, line 759]
Event: 19.158 Thread 0x000002974eaeaa90 Exception <a 'java/lang/NoSuchMethodError'{0x00000000eb1d6410}: 'java.lang.Object java.lang.invoke.DirectMethodHandle$Holder.invokeVirtual(java.lang.Object, java.lang.Object, java.lang.Object)'> (0x00000000eb1d6410) 
thrown [s\src\hotspot\share\interpreter\linkResolver.cpp, line 759]
Event: 20.801 Thread 0x000002974eaeaa90 Exception <a 'sun/nio/fs/WindowsException'{0x00000000ebd173a8}> (0x00000000ebd173a8) 
thrown [s\src\hotspot\share\prims\jni.cpp, line 516]
Event: 20.808 Thread 0x000002974e6905e0 Exception <a 'sun/nio/fs/WindowsException'{0x00000000ebd4a338}> (0x00000000ebd4a338) 
thrown [s\src\hotspot\share\prims\jni.cpp, line 516]
Event: 20.810 Thread 0x000002974e6905e0 Exception <a 'sun/nio/fs/WindowsException'{0x00000000ebd50628}> (0x00000000ebd50628) 
thrown [s\src\hotspot\share\prims\jni.cpp, line 516]
Event: 20.821 Thread 0x000002974e696100 Exception <a 'sun/nio/fs/WindowsException'{0x00000000ebd6edd8}> (0x00000000ebd6edd8) 
thrown [s\src\hotspot\share\prims\jni.cpp, line 516]
Event: 20.823 Thread 0x000002974e697540 Exception <a 'sun/nio/fs/WindowsException'{0x00000000ebd5d920}> (0x00000000ebd5d920) 
thrown [s\src\hotspot\share\prims\jni.cpp, line 516]
Event: 20.831 Thread 0x000002974e696100 Exception <a 'sun/nio/fs/WindowsException'{0x00000000ebd70cf8}> (0x00000000ebd70cf8) 
thrown [s\src\hotspot\share\prims\jni.cpp, line 516]
Event: 20.836 Thread 0x000002974e697540 Exception <a 'sun/nio/fs/WindowsException'{0x00000000ebd61d80}> (0x00000000ebd61d80) 
thrown [s\src\hotspot\share\prims\jni.cpp, line 516]
Event: 20.871 Thread 0x000002974e696100 Exception <a 'sun/nio/fs/WindowsException'{0x00000000ebd75288}> (0x00000000ebd75288) 
thrown [s\src\hotspot\share\prims\jni.cpp, line 516]
Event: 20.873 Thread 0x000002974e690af0 Exception <a 'sun/nio/fs/WindowsException'{0x00000000ebd82718}> (0x00000000ebd82718) 
thrown [s\src\hotspot\share\prims\jni.cpp, line 516]
Event: 20.874 Thread 0x000002974e697540 Exception <a 'sun/nio/fs/WindowsException'{0x00000000ebd648a0}> (0x00000000ebd648a0) 
thrown [s\src\hotspot\share\prims\jni.cpp, line 516]
Event: 22.554 Thread 0x000002974eaec8f0 Exception <a 'java/io/FileNotFoundException'{0x00000000ebaf2898}> (0x00000000ebaf2898) 
thrown [s\src\hotspot\share\prims\jni.cpp, line 516]
Event: 22.555 Thread 0x000002974eaec8f0 Exception <a 'java/io/FileNotFoundException'{0x00000000ebaf3ae8}> (0x00000000ebaf3ae8) 
thrown [s\src\hotspot\share\prims\jni.cpp, line 516]
Event: 22.555 Thread 0x000002974eaec8f0 Exception <a 'java/io/FileNotFoundException'{0x00000000ebaf4a90}> (0x00000000ebaf4a90) 
thrown [s\src\hotspot\share\prims\jni.cpp, line 516]
Event: 28.512 Thread 0x000002974eaeaa90 Exception <a 'java/lang/NoSuchMethodError'{0x00000000ebf2fd50}: 'int java.lang.invoke.DirectMethodHandle$Holder.invokeSpecialIFC(java.lang.Object, java.lang.Object, java.lang.Object)'> (0x00000000ebf2fd50) 
thrown [s\src\hotspot\share\interpreter\linkResolver.cpp, line 759]

VM Operations (20 events):
Event: 23.672 Executing VM operation: ParallelGCFailedAllocation
Event: 23.676 Executing VM operation: ParallelGCFailedAllocation done
Event: 24.685 Executing VM operation: Cleanup
Event: 24.685 Executing VM operation: Cleanup done
Event: 25.688 Executing VM operation: Cleanup
Event: 25.688 Executing VM operation: Cleanup done
Event: 26.017 Executing VM operation: HandshakeAllThreads
Event: 26.017 Executing VM operation: HandshakeAllThreads done
Event: 26.732 Executing VM operation: ParallelGCFailedAllocation
Event: 26.738 Executing VM operation: ParallelGCFailedAllocation done
Event: 27.276 Executing VM operation: ParallelGCFailedAllocation
Event: 27.281 Executing VM operation: ParallelGCFailedAllocation done
Event: 28.688 Executing VM operation: HandshakeAllThreads
Event: 28.688 Executing VM operation: HandshakeAllThreads done
Event: 28.688 Executing VM operation: Cleanup
Event: 28.688 Executing VM operation: Cleanup done
Event: 28.800 Executing VM operation: ParallelGCFailedAllocation
Event: 28.803 Executing VM operation: ParallelGCFailedAllocation done
Event: 29.805 Executing VM operation: Cleanup
Event: 29.836 Executing VM operation: Cleanup done

Memory protections (0 events):
No events

Nmethod flushes (0 events):
No events

Events (20 events):
Event: 10.432 Thread 0x000002974eaec8f0 Thread added: 0x000002974eaed310
Event: 11.386 Thread 0x000002974eaec8f0 Thread added: 0x000002974eaeafa0
Event: 11.614 Thread 0x000002974e42cb90 Thread added: 0x000002974eaec3e0
Event: 12.596 Thread 0x000002974eaec3e0 Thread exited: 0x000002974eaec3e0
Event: 13.057 Thread 0x0000029732adc770 Thread added: 0x000002974eaece00
Event: 13.058 Thread 0x0000029732adc770 Thread added: 0x000002974eaec3e0
Event: 13.058 Thread 0x0000029732adc770 Thread added: 0x000002974eaea580
Event: 13.058 Thread 0x0000029732adc770 Thread added: 0x000002974eaea070
Event: 13.058 Thread 0x0000029732adc770 Thread added: 0x000002974eaeb4b0
Event: 13.125 Thread 0x0000029732adc770 Thread added: 0x000002974e6947b0
Event: 13.704 Thread 0x0000029732adc770 Thread added: 0x000002974e6900d0
Event: 13.705 Thread 0x0000029732adc770 Thread added: 0x000002974e692e60
Event: 13.762 Thread 0x000002974e4003b0 Thread exited: 0x000002974e4003b0
Event: 20.806 Thread 0x000002974eaeaa90 Thread added: 0x000002974e6905e0
Event: 20.809 Thread 0x000002974e6905e0 Thread added: 0x000002974e697540
Event: 20.812 Thread 0x000002974e6905e0 Thread added: 0x000002974e696100
Event: 20.818 Thread 0x000002974e696100 Thread added: 0x000002974e690af0
Event: 20.978 Thread 0x000002974eaeaa90 Thread added: 0x000002974e696610
Event: 20.979 Thread 0x000002974eaeaa90 Thread added: 0x000002974e691000
Event: 29.696 Thread 0x000002974eaeaa90 Thread added: 0x000002974e697030


Dynamic libraries:
0x00007ff674990000 - 0x00007ff67499e000 	c:\Users\amera\.cursor\extensions\redhat.java-1.37.0-win32-x64\jre\17.0.13-win32-x86_64\bin\java.exe
0x00007ff9cb6f0000 - 0x00007ff9cb907000 	C:\WINDOWS\SYSTEM32\ntdll.dll
0x00007ff9c9dc0000 - 0x00007ff9c9e84000 	C:\WINDOWS\System32\KERNEL32.DLL
0x00007ff9c8ec0000 - 0x00007ff9c9279000 	C:\WINDOWS\System32\KERNELBASE.dll
0x00007ff9c89f0000 - 0x00007ff9c8b01000 	C:\WINDOWS\System32\ucrtbase.dll
0x00007ff9c5490000 - 0x00007ff9c54a7000 	c:\Users\amera\.cursor\extensions\redhat.java-1.37.0-win32-x64\jre\17.0.13-win32-x86_64\bin\jli.dll
0x00007ff9cb500000 - 0x00007ff9cb6ae000 	C:\WINDOWS\System32\USER32.dll
0x00007ff9c8c80000 - 0x00007ff9c8ca6000 	C:\WINDOWS\System32\win32u.dll
0x00007ff9c9620000 - 0x00007ff9c9649000 	C:\WINDOWS\System32\GDI32.dll
0x00007ff9c9280000 - 0x00007ff9c939b000 	C:\WINDOWS\System32\gdi32full.dll
0x00007ff9c8ce0000 - 0x00007ff9c8d7a000 	C:\WINDOWS\System32\msvcp_win.dll
0x00007ff9c4a80000 - 0x00007ff9c4a9e000 	c:\Users\amera\.cursor\extensions\redhat.java-1.37.0-win32-x64\jre\17.0.13-win32-x86_64\bin\VCRUNTIME140.dll
0x00007ff9ba420000 - 0x00007ff9ba6b2000 	C:\WINDOWS\WinSxS\amd64_microsoft.windows.common-controls_6595b64144ccf1df_6.0.22621.4391_none_2715d37f73803e96\COMCTL32.dll
0x00007ff9c9ea0000 - 0x00007ff9c9f47000 	C:\WINDOWS\System32\msvcrt.dll
0x00007ff9c9650000 - 0x00007ff9c9681000 	C:\WINDOWS\System32\IMM32.DLL
0x00007ff9c4bc0000 - 0x00007ff9c4bcc000 	c:\Users\amera\.cursor\extensions\redhat.java-1.37.0-win32-x64\jre\17.0.13-win32-x86_64\bin\vcruntime140_1.dll
0x00007ff99acf0000 - 0x00007ff99ad7d000 	c:\Users\amera\.cursor\extensions\redhat.java-1.37.0-win32-x64\jre\17.0.13-win32-x86_64\bin\msvcp140.dll
0x00007ff977a70000 - 0x00007ff9786db000 	c:\Users\amera\.cursor\extensions\redhat.java-1.37.0-win32-x64\jre\17.0.13-win32-x86_64\bin\server\jvm.dll
0x00007ff9c9690000 - 0x00007ff9c9742000 	C:\WINDOWS\System32\ADVAPI32.dll
0x00007ff9ca490000 - 0x00007ff9ca537000 	C:\WINDOWS\System32\sechost.dll
0x00007ff9c8cb0000 - 0x00007ff9c8cd8000 	C:\WINDOWS\System32\bcrypt.dll
0x00007ff9c9ca0000 - 0x00007ff9c9db4000 	C:\WINDOWS\System32\RPCRT4.dll
0x00007ff9cb000000 - 0x00007ff9cb071000 	C:\WINDOWS\System32\WS2_32.dll
0x00007ff9c88c0000 - 0x00007ff9c890d000 	C:\WINDOWS\SYSTEM32\POWRPROF.dll
0x00007ff9c4d90000 - 0x00007ff9c4dc4000 	C:\WINDOWS\SYSTEM32\WINMM.dll
0x00007ff9c1690000 - 0x00007ff9c169a000 	C:\WINDOWS\SYSTEM32\VERSION.dll
0x00007ff9c88a0000 - 0x00007ff9c88b3000 	C:\WINDOWS\SYSTEM32\UMPDC.dll
0x00007ff9c7a30000 - 0x00007ff9c7a48000 	C:\WINDOWS\SYSTEM32\kernel.appcore.dll
0x00007ff9c4a60000 - 0x00007ff9c4a6a000 	c:\Users\amera\.cursor\extensions\redhat.java-1.37.0-win32-x64\jre\17.0.13-win32-x86_64\bin\jimage.dll
0x00007ff9b8760000 - 0x00007ff9b8992000 	C:\WINDOWS\SYSTEM32\DBGHELP.DLL
0x00007ff9ca050000 - 0x00007ff9ca3df000 	C:\WINDOWS\System32\combase.dll
0x00007ff9c9bb0000 - 0x00007ff9c9c87000 	C:\WINDOWS\System32\OLEAUT32.dll
0x00007ff9b7140000 - 0x00007ff9b7172000 	C:\WINDOWS\SYSTEM32\dbgcore.DLL
0x00007ff9c8e40000 - 0x00007ff9c8ebb000 	C:\WINDOWS\System32\bcryptPrimitives.dll
0x00007ff9c4a50000 - 0x00007ff9c4a5e000 	c:\Users\amera\.cursor\extensions\redhat.java-1.37.0-win32-x64\jre\17.0.13-win32-x86_64\bin\instrument.dll
0x00007ff9c4a20000 - 0x00007ff9c4a45000 	c:\Users\amera\.cursor\extensions\redhat.java-1.37.0-win32-x64\jre\17.0.13-win32-x86_64\bin\java.dll
0x00007ff9bb9e0000 - 0x00007ff9bb9f8000 	c:\Users\amera\.cursor\extensions\redhat.java-1.37.0-win32-x64\jre\17.0.13-win32-x86_64\bin\zip.dll
0x00007ff9ca700000 - 0x00007ff9caf76000 	C:\WINDOWS\System32\SHELL32.dll
0x00007ff9c6930000 - 0x00007ff9c7233000 	C:\WINDOWS\SYSTEM32\windows.storage.dll
0x00007ff9c67f0000 - 0x00007ff9c692f000 	C:\WINDOWS\SYSTEM32\wintypes.dll
0x00007ff9c9430000 - 0x00007ff9c9529000 	C:\WINDOWS\System32\SHCORE.dll
0x00007ff9c9530000 - 0x00007ff9c958e000 	C:\WINDOWS\System32\shlwapi.dll
0x00007ff9c8920000 - 0x00007ff9c894b000 	C:\WINDOWS\SYSTEM32\profapi.dll
0x00007ff9bb6b0000 - 0x00007ff9bb6c9000 	C:\Users\amera\.cursor\extensions\redhat.java-1.37.0-win32-x64\jre\17.0.13-win32-x86_64\bin\net.dll
0x00007ff9c29f0000 - 0x00007ff9c2b26000 	C:\WINDOWS\SYSTEM32\WINHTTP.dll
0x00007ff9c7eb0000 - 0x00007ff9c7f19000 	C:\WINDOWS\system32\mswsock.dll
0x00007ff9bb690000 - 0x00007ff9bb6a6000 	C:\Users\amera\.cursor\extensions\redhat.java-1.37.0-win32-x64\jre\17.0.13-win32-x86_64\bin\nio.dll
0x00007ff9c4a10000 - 0x00007ff9c4a20000 	c:\Users\amera\.cursor\extensions\redhat.java-1.37.0-win32-x64\jre\17.0.13-win32-x86_64\bin\verify.dll
0x00007ff99aca0000 - 0x00007ff99ace5000 	C:\Users\amera\AppData\Roaming\Cursor\User\globalStorage\redhat.java\1.37.0\config_ss_win\org.eclipse.equinox.launcher\org.eclipse.equinox.launcher.win32.win32.x86_64_1.2.1100.v20240722-2106\eclipse_11904.dll
0x00007ff9c97e0000 - 0x00007ff9c9985000 	C:\WINDOWS\System32\ole32.dll
0x00007ff9c8100000 - 0x00007ff9c811b000 	C:\WINDOWS\SYSTEM32\CRYPTSP.dll
0x00007ff9c7990000 - 0x00007ff9c79c5000 	C:\WINDOWS\system32\rsaenh.dll
0x00007ff9c7fa0000 - 0x00007ff9c7fc8000 	C:\WINDOWS\SYSTEM32\USERENV.dll
0x00007ff9c8120000 - 0x00007ff9c812c000 	C:\WINDOWS\SYSTEM32\CRYPTBASE.dll
0x00007ff9c74a0000 - 0x00007ff9c74cd000 	C:\WINDOWS\SYSTEM32\IPHLPAPI.DLL
0x00007ff9c9770000 - 0x00007ff9c9779000 	C:\WINDOWS\System32\NSI.dll
0x00007ff9c2960000 - 0x00007ff9c2979000 	C:\WINDOWS\SYSTEM32\dhcpcsvc6.DLL
0x00007ff9c2940000 - 0x00007ff9c295f000 	C:\WINDOWS\SYSTEM32\dhcpcsvc.DLL
0x00007ff9c74d0000 - 0x00007ff9c75d2000 	C:\WINDOWS\SYSTEM32\DNSAPI.dll
0x00007ff99ac00000 - 0x00007ff99ac49000 	C:\Users\amera\AppData\Local\Temp\jna-92929448\jna1704379211192202789.dll
0x00007ff9c9780000 - 0x00007ff9c9788000 	C:\WINDOWS\System32\PSAPI.DLL

dbghelp: loaded successfully - version: 4.0.5 - missing functions: none
symbol engine: initialized successfully - sym options: 0x614 - pdb path: .;c:\Users\amera\.cursor\extensions\redhat.java-1.37.0-win32-x64\jre\17.0.13-win32-x86_64\bin;C:\WINDOWS\SYSTEM32;C:\WINDOWS\WinSxS\amd64_microsoft.windows.common-controls_6595b64144ccf1df_6.0.22621.4391_none_2715d37f73803e96;c:\Users\amera\.cursor\extensions\redhat.java-1.37.0-win32-x64\jre\17.0.13-win32-x86_64\bin\server;C:\Users\amera\AppData\Roaming\Cursor\User\globalStorage\redhat.java\1.37.0\config_ss_win\org.eclipse.equinox.launcher\org.eclipse.equinox.launcher.win32.win32.x86_64_1.2.1100.v20240722-2106;C:\Users\amera\AppData\Local\Temp\jna-92929448

VM Arguments:
jvm_args: --add-modules=ALL-SYSTEM --add-opens=java.base/java.util=ALL-UNNAMED --add-opens=java.base/java.lang=ALL-UNNAMED --add-opens=java.base/sun.nio.fs=ALL-UNNAMED -Declipse.application=org.eclipse.jdt.ls.core.id1 -Dosgi.bundles.defaultStartLevel=4 -Declipse.product=org.eclipse.jdt.ls.core.product -Djava.import.generatesMetadataFilesAtProjectRoot=false -DDetectVMInstallationsJob.disabled=true -Dfile.encoding=utf8 -XX:+UseParallelGC -XX:GCTimeRatio=4 -XX:AdaptiveSizePolicyWeight=90 -Dsun.zip.disableMemoryMapping=true -Xmx1G -Xms100m -Xlog:disable -javaagent:c:\Users\amera\.cursor\extensions\redhat.java-1.37.0-win32-x64\lombok\lombok-1.18.34.jar 
java_command: c:\Users\amera\.cursor\extensions\redhat.java-1.37.0-win32-x64\server\plugins\org.eclipse.equinox.launcher_1.6.900.v20240613-2009.jar -configuration c:\Users\amera\AppData\Roaming\Cursor\User\globalStorage\redhat.java\1.37.0\config_ss_win -data c:\Users\amera\AppData\Roaming\Cursor\User\workspaceStorage\3c4b88fd5f2bbe714fe9f534e131c257\redhat.java\ss_ws --pipe=\\.\pipe\lsp-17dc50d6f3a91352e6cef0ec1e22eda6-sock
java_class_path (initial): c:\Users\amera\.cursor\extensions\redhat.java-1.37.0-win32-x64\server\plugins\org.eclipse.equinox.launcher_1.6.900.v20240613-2009.jar
Launcher Type: SUN_STANDARD

[Global flags]
    uintx AdaptiveSizePolicyWeight                 = 90                                        {product} {command line}
     intx CICompilerCount                          = 3                                         {product} {ergonomic}
    uintx GCTimeRatio                              = 4                                         {product} {command line}
   size_t InitialHeapSize                          = 104857600                                 {product} {command line}
   size_t MaxHeapSize                              = 1073741824                                {product} {command line}
   size_t MaxNewSize                               = 357564416                                 {product} {ergonomic}
   size_t MinHeapDeltaBytes                        = 524288                                    {product} {ergonomic}
   size_t MinHeapSize                              = 104857600                                 {product} {command line}
   size_t NewSize                                  = 34603008                                  {product} {ergonomic}
    uintx NonNMethodCodeHeapSize                   = 5832780                                {pd product} {ergonomic}
    uintx NonProfiledCodeHeapSize                  = 122912730                              {pd product} {ergonomic}
   size_t OldSize                                  = 70254592                                  {product} {ergonomic}
    uintx ProfiledCodeHeapSize                     = 122912730                              {pd product} {ergonomic}
    uintx ReservedCodeCacheSize                    = 251658240                              {pd product} {ergonomic}
     bool SegmentedCodeCache                       = true                                      {product} {ergonomic}
   size_t SoftMaxHeapSize                          = 1073741824                             {manageable} {ergonomic}
     bool UseCompressedClassPointers               = true                           {product lp64_product} {ergonomic}
     bool UseCompressedOops                        = true                           {product lp64_product} {ergonomic}
     bool UseLargePagesIndividualAllocation        = false                                  {pd product} {ergonomic}
     bool UseParallelGC                            = true                                      {product} {command line}

Logging:
Log output configuration:
 #0: stdout all=off uptime,level,tags
 #1: stderr all=off uptime,level,tags

Environment Variables:
PATH=c:\Users\amera\AppData\Local\Programs\cursor\resources\app\bin;C:\Python312\Scripts\;C:\Python312\;C:\Program Files\Common Files\Oracle\Java\javapath;C:\Program Files (x86)\Common Files\Intel\Shared Libraries\redist\intel64_win\compiler;C:\WINDOWS\system32;C:\WINDOWS;C:\WINDOWS\System32\Wbem;C:\WINDOWS\System32\WindowsPowerShell\v1.0\;C:\WINDOWS\System32\OpenSSH\;C:\Program Files\dotnet\;C:\Program Files\Git\cmd;C:\Program Files\nodejs\;C:\ProgramData\chocolatey\bin;C:\Users\amera\AppData\Local\Microsoft\WindowsApps;;C:\Program Files\JetBrains\IntelliJ IDEA 2024.2.2\bin;;C:\Users\amera\AppData\Roaming\npm;c:\Users\amera\AppData\Local\Programs\cursor\resources\app\bin;C:\Users\amera\AppData\Local\Microsoft\WindowsApps;;C:\Program Files\JetBrains\IntelliJ IDEA 2024.2.2\bin;;C:\Users\amera\AppData\Roaming\npm
USERNAME=amera
OS=Windows_NT
PROCESSOR_IDENTIFIER=AMD64 Family 23 Model 24 Stepping 1, AuthenticAMD
TMP=C:\Users\amera\AppData\Local\Temp
TEMP=C:\Users\amera\AppData\Local\Temp



Periodic native trim disabled


---------------  S Y S T E M  ---------------

OS:
 Windows 11 , 64 bit Build 22621 (10.0.22621.4391)
OS uptime: 3 days 9:07 hours

CPU: total 4 (initial active 4) (4 cores per cpu, 2 threads per core) family 23 model 24 stepping 1 microcode 0x0, cx8, cmov, fxsr, ht, mmx, 3dnowpref, sse, sse2, sse3, ssse3, sse4a, sse4.1, sse4.2, popcnt, lzcnt, tsc, tscinvbit, avx, avx2, aes, clmul, bmi1, bmi2, adx, sha, fma, vzeroupper, clflush, clflushopt
Processor Information for all 4 processors :
  Max Mhz: 2400, Current Mhz: 2400, Mhz Limit: 2400

Memory: 4k page, system-wide physical 3522M (214M free)
TotalPageFile size 14274M (AvailPageFile size 8M)
current process WorkingSet (physical memory assigned to process): 189M, peak: 207M
current process commit charge ("private bytes"): 275M, peak: 282M

vm_info: OpenJDK 64-Bit Server VM (17.0.13+11) for windows-amd64 JRE (17.0.13+11), built on Oct 16 2024 00:10:08 by "admin" with MS VC++ 17.7 (VS2022)

END.
